f:\homework\高级语言程序设计作业\大作业——饕在山青——山东大学青岛校区餐厅反馈系统\x64\debug\vc143.pdb
f:\homework\高级语言程序设计作业\大作业——饕在山青——山东大学青岛校区餐厅反馈系统\x64\debug\vc143.idb
f:\homework\高级语言程序设计作业\大作业——饕在山青——山东大学青岛校区餐厅反馈系统\x64\debug\qrc_mainwindow.obj
f:\homework\高级语言程序设计作业\大作业——饕在山青——山东大学青岛校区餐厅反馈系统\x64\debug\mainwindow.obj
f:\homework\高级语言程序设计作业\大作业——饕在山青——山东大学青岛校区餐厅反馈系统\x64\debug\permission.obj
f:\homework\高级语言程序设计作业\大作业——饕在山青——山东大学青岛校区餐厅反馈系统\x64\debug\main.obj
f:\homework\高级语言程序设计作业\大作业——饕在山青——山东大学青岛校区餐厅反馈系统\x64\debug\password.obj
f:\homework\高级语言程序设计作业\大作业——饕在山青——山东大学青岛校区餐厅反馈系统\x64\debug\registwindow.obj
f:\homework\高级语言程序设计作业\大作业——饕在山青——山东大学青岛校区餐厅反馈系统\x64\debug\user.obj
f:\homework\高级语言程序设计作业\大作业——饕在山青——山东大学青岛校区餐厅反馈系统\x64\debug\moc_regist_window.obj
f:\homework\高级语言程序设计作业\大作业——饕在山青——山东大学青岛校区餐厅反馈系统\x64\debug\moc_mainwindow.obj
f:\homework\高级语言程序设计作业\大作业——饕在山青——山东大学青岛校区餐厅反馈系统\x64\debug\system.obj
f:\homework\高级语言程序设计作业\大作业——饕在山青——山东大学青岛校区餐厅反馈系统\x64\debug\log.obj
f:\homework\高级语言程序设计作业\大作业——饕在山青——山东大学青岛校区餐厅反馈系统\x64\debug\dishes.obj
f:\homework\高级语言程序设计作业\大作业——饕在山青——山东大学青岛校区餐厅反馈系统\x64\debug\show_table.obj
f:\homework\高级语言程序设计作业\大作业——饕在山青——山东大学青岛校区餐厅反馈系统\x64\debug\moc_show_table.obj
f:\homework\高级语言程序设计作业\大作业——饕在山青——山东大学青岛校区餐厅反馈系统\x64\debug\大作业——饕在山青——山东大学青岛校区餐厅反馈系统.exe
f:\homework\高级语言程序设计作业\大作业——饕在山青——山东大学青岛校区餐厅反馈系统\x64\debug\大作业——饕在山青——山东大学青岛校区餐厅反馈系统.ilk
f:\homework\高级语言程序设计作业\大作业——饕在山青——山东大学青岛校区餐厅反馈系统\x64\debug\大作业——饕在山青——山东大学青岛校区餐厅反馈系统.pdb
f:\homework\高级语言程序设计作业\大作业——饕在山青——山东大学青岛校区餐厅反馈系统\x64\debug\moc\moc_show_table.cpp
f:\homework\高级语言程序设计作业\大作业——饕在山青——山东大学青岛校区餐厅反馈系统\x64\debug\rcc\qrc_mainwindow.cpp
f:\homework\高级语言程序设计作业\大作业——饕在山青——山东大学青岛校区餐厅反馈系统\x64\debug\uic\ui_show_table.h
f:\homework\高级语言程序设计作业\大作业——饕在山青——山东大学青岛校区餐厅反馈系统\x64\debug\uic\ui_mainwindow.h
f:\homework\高级语言程序设计作业\大作业——饕在山青——山东大学青岛校区餐厅反馈系统\x64\debug\moc\moc_mainwindow.cpp
f:\homework\高级语言程序设计作业\大作业——饕在山青——山东大学青岛校区餐厅反馈系统\x64\debug\uic\ui_userregistwindow.h
f:\homework\高级语言程序设计作业\大作业——饕在山青——山东大学青岛校区餐厅反馈系统\x64\debug\moc\moc_regist_window.cpp
f:\homework\高级语言程序设计作业\大作业——饕在山青——山东大学青岛校区餐厅反馈系统\x64\debug\大作业——饕在山.1e0fd3ea.tlog\cl.command.1.tlog
f:\homework\高级语言程序设计作业\大作业——饕在山青——山东大学青岛校区餐厅反馈系统\x64\debug\大作业——饕在山.1e0fd3ea.tlog\cl.items.tlog
f:\homework\高级语言程序设计作业\大作业——饕在山青——山东大学青岛校区餐厅反馈系统\x64\debug\大作业——饕在山.1e0fd3ea.tlog\cl.read.1.tlog
f:\homework\高级语言程序设计作业\大作业——饕在山青——山东大学青岛校区餐厅反馈系统\x64\debug\大作业——饕在山.1e0fd3ea.tlog\cl.write.1.tlog
f:\homework\高级语言程序设计作业\大作业——饕在山青——山东大学青岛校区餐厅反馈系统\x64\debug\大作业——饕在山.1e0fd3ea.tlog\link.command.1.tlog
f:\homework\高级语言程序设计作业\大作业——饕在山青——山东大学青岛校区餐厅反馈系统\x64\debug\大作业——饕在山.1e0fd3ea.tlog\link.read.1.tlog
f:\homework\高级语言程序设计作业\大作业——饕在山青——山东大学青岛校区餐厅反馈系统\x64\debug\大作业——饕在山.1e0fd3ea.tlog\link.write.1.tlog
f:\homework\高级语言程序设计作业\大作业——饕在山青——山东大学青岛校区餐厅反馈系统\x64\debug\大作业——饕在山.1e0fd3ea.tlog\moc.read.1u.tlog
f:\homework\高级语言程序设计作业\大作业——饕在山青——山东大学青岛校区餐厅反馈系统\x64\debug\大作业——饕在山.1e0fd3ea.tlog\moc.write.1u.tlog
f:\homework\高级语言程序设计作业\大作业——饕在山青——山东大学青岛校区餐厅反馈系统\x64\debug\大作业——饕在山.1e0fd3ea.tlog\rcc.read.1u.tlog
f:\homework\高级语言程序设计作业\大作业——饕在山青——山东大学青岛校区餐厅反馈系统\x64\debug\大作业——饕在山.1e0fd3ea.tlog\rcc.write.1u.tlog
f:\homework\高级语言程序设计作业\大作业——饕在山青——山东大学青岛校区餐厅反馈系统\x64\debug\大作业——饕在山.1e0fd3ea.tlog\uic.read.1u.tlog
f:\homework\高级语言程序设计作业\大作业——饕在山青——山东大学青岛校区餐厅反馈系统\x64\debug\大作业——饕在山.1e0fd3ea.tlog\uic.write.1u.tlog
f:\homework\高级语言程序设计作业\大作业——饕在山青——山东大学青岛校区餐厅反馈系统\x64\debug\大作业——饕在山.1e0fd3ea.tlog\大作业——饕在山青——山东大学青岛校区餐厅反馈系统.write.1u.tlog
