[ 2025-04-19 01:17:44 ] Pid : 194571, barbershop start running...
[ 2025-04-19 01:17:44 ] Pid : 194571, customer receiver start running...
[ 2025-04-19 01:17:44 ] Pid : 194571, customer mover start running...
[ 2025-04-19 01:17:44 ] Pid : 194571, cashier mover start running...
[ 2025-04-19 01:17:44 ] Pid : 194571, cashier receiver start running...
[ 2025-04-19 01:17:44 ] Pid : 194571, shop running timer start running...
[ 2025-04-19 01:17:45 ] Pid : 194571, key_cnt: 15
[ 2025-04-19 01:17:45 ] Pid : 194571, customer received and moved to wait room id: 0
[ 2025-04-19 01:17:45 ] Pid : 194571, current customer count: 2
[ 2025-04-19 01:17:46 ] Pid : 194571, customer moved to sofa id: 0
[ 2025-04-19 01:17:46 ] Pid : 194571, key_cnt: 18
[ 2025-04-19 01:17:46 ] Pid : 194571, customer received and moved to wait room id: 1
[ 2025-04-19 01:17:46 ] Pid : 194571, current customer count: 4
[ 2025-04-19 01:17:47 ] Pid : 194571, customer moved to sofa id: 1
[ 2025-04-19 01:17:47 ] Pid : 194571, key_cnt: 21
[ 2025-04-19 01:17:47 ] Pid : 194571, customer received and moved to wait room id: 2
[ 2025-04-19 01:17:47 ] Pid : 194571, current customer count: 6
[ 2025-04-19 01:17:47 ] Pid : 194571, customer finished service and moved to cashier id: 0
[ 2025-04-19 01:17:48 ] Pid : 194571, customer moved to sofa id: 2
[ 2025-04-19 01:17:48 ] Pid : 194571, customer paid money id: 0
[ 2025-04-19 01:17:48 ] Pid : 194571, key_cnt: 24
[ 2025-04-19 01:17:48 ] Pid : 194571, customer received and moved to wait room id: 3
[ 2025-04-19 01:17:48 ] Pid : 194571, current customer count: 8
[ 2025-04-19 01:17:48 ] Pid : 194571, customer finished service and moved to cashier id: 1
[ 2025-04-19 01:17:48 ] Pid : 194571, received money: 11.9914
[ 2025-04-19 01:17:48 ] Pid : 194571, current money: 11.9914
[ 2025-04-19 01:17:49 ] Pid : 194571, customer moved to sofa id: 3
[ 2025-04-19 01:17:49 ] Pid : 194571, key_cnt: 27
[ 2025-04-19 01:17:49 ] Pid : 194571, customer received and moved to wait room id: 4
[ 2025-04-19 01:17:49 ] Pid : 194571, current customer count: 9
[ 2025-04-19 01:17:49 ] Pid : 194571, customer finished service and moved to cashier id: 2
[ 2025-04-19 01:17:49 ] Pid : 194571, customer paid money id: 1
[ 2025-04-19 01:17:49 ] Pid : 194571, received money: 11.9914
[ 2025-04-19 01:17:49 ] Pid : 194571, current money: 23.9827
[ 2025-04-19 01:17:50 ] Pid : 194571, customer moved to sofa id: 4
[ 2025-04-19 01:17:50 ] Pid : 194571, key_cnt: 30
[ 2025-04-19 01:17:50 ] Pid : 194571, customer received and moved to wait room id: 5
[ 2025-04-19 01:17:50 ] Pid : 194571, current customer count: 10
[ 2025-04-19 01:17:50 ] Pid : 194571, customer finished service and moved to cashier id: 3
[ 2025-04-19 01:17:50 ] Pid : 194571, customer paid money id: 2
[ 2025-04-19 01:17:50 ] Pid : 194571, received money: 11.9914
[ 2025-04-19 01:17:50 ] Pid : 194571, current money: 35.9741
[ 2025-04-19 01:17:51 ] Pid : 194571, customer moved to sofa id: 5
[ 2025-04-19 01:17:51 ] Pid : 194571, key_cnt: 33
[ 2025-04-19 01:17:51 ] Pid : 194571, customer received and moved to wait room id: 6
[ 2025-04-19 01:17:51 ] Pid : 194571, current customer count: 11
[ 2025-04-19 01:17:51 ] Pid : 194571, customer finished service and moved to cashier id: 4
[ 2025-04-19 01:17:51 ] Pid : 194571, customer paid money id: 3
[ 2025-04-19 01:17:51 ] Pid : 194571, received money: 9.10601
[ 2025-04-19 01:17:51 ] Pid : 194571, current money: 45.0801
[ 2025-04-19 01:17:52 ] Pid : 194571, customer moved to sofa id: 6
[ 2025-04-19 01:17:52 ] Pid : 194571, key_cnt: 36
[ 2025-04-19 01:17:52 ] Pid : 194571, customer received and moved to wait room id: 7
[ 2025-04-19 01:17:52 ] Pid : 194571, current customer count: 12
[ 2025-04-19 01:17:52 ] Pid : 194571, customer finished service and moved to cashier id: 5
[ 2025-04-19 01:17:52 ] Pid : 194571, customer paid money id: 4
[ 2025-04-19 01:17:52 ] Pid : 194571, received money: 9.10601
[ 2025-04-19 01:17:52 ] Pid : 194571, current money: 54.1861
[ 2025-04-19 01:17:53 ] Pid : 194571, customer moved to sofa id: 7
[ 2025-04-19 01:17:53 ] Pid : 194571, key_cnt: 39
[ 2025-04-19 01:17:53 ] Pid : 194571, customer received and moved to wait room id: 8
[ 2025-04-19 01:17:53 ] Pid : 194571, current customer count: 13
[ 2025-04-19 01:17:53 ] Pid : 194571, customer finished service and moved to cashier id: 6
[ 2025-04-19 01:17:53 ] Pid : 194571, customer paid money id: 5
[ 2025-04-19 01:17:53 ] Pid : 194571, received money: 9.10601
[ 2025-04-19 01:17:53 ] Pid : 194571, current money: 63.2921
[ 2025-04-19 01:17:54 ] Pid : 194571, customer moved to sofa id: 8
[ 2025-04-19 01:17:54 ] Pid : 194571, key_cnt: 42
[ 2025-04-19 01:17:54 ] Pid : 194571, customer received and moved to wait room id: 9
[ 2025-04-19 01:17:54 ] Pid : 194571, current customer count: 14
[ 2025-04-19 01:17:54 ] Pid : 194571, customer finished service and moved to cashier id: 7
[ 2025-04-19 01:17:54 ] Pid : 194571, customer paid money id: 6
[ 2025-04-19 01:17:54 ] Pid : 194571, received money: 16.4142
[ 2025-04-19 01:17:54 ] Pid : 194571, current money: 79.7063
[ 2025-04-19 01:17:55 ] Pid : 194571, customer moved to sofa id: 9
[ 2025-04-19 01:17:55 ] Pid : 194571, key_cnt: 45
[ 2025-04-19 01:17:55 ] Pid : 194571, customer received and moved to wait room id: 10
[ 2025-04-19 01:17:55 ] Pid : 194571, current customer count: 15
[ 2025-04-19 01:17:55 ] Pid : 194571, customer finished service and moved to cashier id: 8
[ 2025-04-19 01:17:55 ] Pid : 194571, customer paid money id: 7
[ 2025-04-19 01:17:55 ] Pid : 194571, received money: 16.4142
[ 2025-04-19 01:17:55 ] Pid : 194571, current money: 96.1205
[ 2025-04-19 01:17:56 ] Pid : 194571, barbershop is closing...
