TimeQuest Timing Analyzer report for experiment3-ex
Tue Oct 08 09:37:54 2024
Quartus II 64-Bit Version 13.0.1 Build 232 06/12/2013 Service Pack 1 SJ Full Version


---------------------
; Table of Contents ;
---------------------
  1. Legal Notice
  2. TimeQuest Timing Analyzer Summary
  3. Parallel Compilation
  4. Clocks
  5. Slow 1200mV 85C Model Fmax Summary
  6. Timing Closure Recommendations
  7. Slow 1200mV 85C Model Setup Summary
  8. Slow 1200mV 85C Model Hold Summary
  9. Slow 1200mV 85C Model Recovery Summary
 10. Slow 1200mV 85C Model Removal Summary
 11. Slow 1200mV 85C Model Minimum Pulse Width Summary
 12. Propagation Delay
 13. Minimum Propagation Delay
 14. Slow 1200mV 85C Model Metastability Report
 15. Slow 1200mV 0C Model Fmax Summary
 16. Slow 1200mV 0C Model Setup Summary
 17. Slow 1200mV 0C Model Hold Summary
 18. Slow 1200mV 0C Model Recovery Summary
 19. Slow 1200mV 0C Model Removal Summary
 20. Slow 1200mV 0C Model Minimum Pulse Width Summary
 21. Propagation Delay
 22. Minimum Propagation Delay
 23. Slow 1200mV 0C Model Metastability Report
 24. Fast 1200mV 0C Model Setup Summary
 25. Fast 1200mV 0C Model Hold Summary
 26. Fast 1200mV 0C Model Recovery Summary
 27. Fast 1200mV 0C Model Removal Summary
 28. Fast 1200mV 0C Model Minimum Pulse Width Summary
 29. Propagation Delay
 30. Minimum Propagation Delay
 31. Fast 1200mV 0C Model Metastability Report
 32. Multicorner Timing Analysis Summary
 33. Progagation Delay
 34. Minimum Progagation Delay
 35. Board Trace Model Assignments
 36. Input Transition Times
 37. Signal Integrity Metrics (Slow 1200mv 0c Model)
 38. Signal Integrity Metrics (Slow 1200mv 85c Model)
 39. Signal Integrity Metrics (Fast 1200mv 0c Model)
 40. Clock Transfers
 41. Report TCCS
 42. Report RSKM
 43. Unconstrained Paths
 44. TimeQuest Timing Analyzer Messages



----------------
; Legal Notice ;
----------------
Copyright (C) 1991-2013 Altera Corporation
Your use of Altera Corporation's design tools, logic functions 
and other software and tools, and its AMPP partner logic 
functions, and any output files from any of the foregoing 
(including device programming or simulation files), and any 
associated documentation or information are expressly subject 
to the terms and conditions of the Altera Program License 
Subscription Agreement, Altera MegaCore Function License 
Agreement, or other applicable license agreement, including, 
without limitation, that your use is for the sole purpose of 
programming logic devices manufactured by Altera and sold by 
Altera or its authorized distributors.  Please refer to the 
applicable agreement for further details.



+-----------------------------------------------------------------------------------------+
; TimeQuest Timing Analyzer Summary                                                       ;
+--------------------+--------------------------------------------------------------------+
; Quartus II Version ; Version 13.0.1 Build 232 06/12/2013 Service Pack 1 SJ Full Version ;
; Revision Name      ; experiment3-ex                                                     ;
; Device Family      ; Cyclone IV E                                                       ;
; Device Name        ; EP4CE6E22C8                                                        ;
; Timing Models      ; Final                                                              ;
; Delay Model        ; Combined                                                           ;
; Rise/Fall Delays   ; Enabled                                                            ;
+--------------------+--------------------------------------------------------------------+


+------------------------------------------+
; Parallel Compilation                     ;
+----------------------------+-------------+
; Processors                 ; Number      ;
+----------------------------+-------------+
; Number detected on machine ; 8           ;
; Maximum allowed            ; 4           ;
;                            ;             ;
; Average used               ; 1.00        ;
; Maximum used               ; 4           ;
;                            ;             ;
; Usage by Processor         ; % Time Used ;
;     Processor 1            ; 100.0%      ;
;     Processors 2-4         ; < 0.1%      ;
;     Processors 5-8         ;   0.0%      ;
+----------------------------+-------------+


----------
; Clocks ;
----------
No clocks to report.


--------------------------------------
; Slow 1200mV 85C Model Fmax Summary ;
--------------------------------------
No paths to report.


----------------------------------
; Timing Closure Recommendations ;
----------------------------------
HTML report is unavailable in plain text report export.


---------------------------------------
; Slow 1200mV 85C Model Setup Summary ;
---------------------------------------
No paths to report.


--------------------------------------
; Slow 1200mV 85C Model Hold Summary ;
--------------------------------------
No paths to report.


------------------------------------------
; Slow 1200mV 85C Model Recovery Summary ;
------------------------------------------
No paths to report.


-----------------------------------------
; Slow 1200mV 85C Model Removal Summary ;
-----------------------------------------
No paths to report.


-----------------------------------------------------
; Slow 1200mV 85C Model Minimum Pulse Width Summary ;
-----------------------------------------------------
No paths to report.


+--------------------------------------------------------------+
; Propagation Delay                                            ;
+------------+-------------+--------+--------+--------+--------+
; Input Port ; Output Port ; RR     ; RF     ; FR     ; FF     ;
+------------+-------------+--------+--------+--------+--------+
; A1         ; C4          ; 14.726 ; 14.015 ; 14.456 ; 14.878 ;
; A1         ; SUM1        ; 9.871  ; 9.654  ; 10.157 ; 9.983  ;
; A1         ; SUM3        ; 10.195 ; 10.054 ; 10.530 ; 10.323 ;
; A1         ; SUM4        ; 12.452 ; 12.436 ; 12.831 ; 12.767 ;
; A1         ; SUM5        ; 12.401 ; 12.253 ; 12.804 ; 12.590 ;
; A1         ; SUM6        ; 13.499 ; 13.288 ; 13.898 ; 13.709 ;
; A1         ; SUM7        ; 13.885 ; 13.654 ; 14.287 ; 14.049 ;
; A1         ; SUM8        ; 14.714 ; 14.595 ; 15.088 ; 15.012 ;
; A2         ; C4          ; 14.489 ;        ;        ; 14.599 ;
; A2         ; SUM2        ; 9.560  ; 9.359  ; 9.828  ; 9.620  ;
; A2         ; SUM3        ; 9.958  ; 9.817  ; 10.251 ; 10.044 ;
; A2         ; SUM4        ; 12.215 ; 12.199 ; 12.552 ; 12.488 ;
; A2         ; SUM5        ; 12.164 ; 12.016 ; 12.525 ; 12.311 ;
; A2         ; SUM6        ; 13.262 ; 13.051 ; 13.619 ; 13.430 ;
; A2         ; SUM7        ; 13.648 ; 13.417 ; 14.008 ; 13.770 ;
; A2         ; SUM8        ; 14.477 ; 14.358 ; 14.809 ; 14.733 ;
; A3         ; C4          ; 14.367 ;        ;        ; 14.498 ;
; A3         ; SUM3        ; 9.818  ; 9.631  ; 10.108 ; 9.964  ;
; A3         ; SUM4        ; 12.093 ; 12.077 ; 12.451 ; 12.387 ;
; A3         ; SUM5        ; 12.042 ; 11.894 ; 12.424 ; 12.210 ;
; A3         ; SUM6        ; 13.140 ; 12.929 ; 13.518 ; 13.329 ;
; A3         ; SUM7        ; 13.526 ; 13.295 ; 13.907 ; 13.669 ;
; A3         ; SUM8        ; 14.355 ; 14.236 ; 14.708 ; 14.632 ;
; A4         ; C4          ; 13.710 ;        ;        ; 13.786 ;
; A4         ; SUM4        ; 11.412 ; 11.354 ; 11.703 ; 11.688 ;
; A4         ; SUM5        ; 11.385 ; 11.237 ; 11.712 ; 11.498 ;
; A4         ; SUM6        ; 12.483 ; 12.272 ; 12.806 ; 12.617 ;
; A4         ; SUM7        ; 12.869 ; 12.638 ; 13.195 ; 12.957 ;
; A4         ; SUM8        ; 13.698 ; 13.579 ; 13.996 ; 13.920 ;
; A5         ; C4          ; 11.662 ;        ;        ; 11.679 ;
; A5         ; SUM5        ; 9.321  ; 9.127  ; 9.612  ; 9.411  ;
; A5         ; SUM6        ; 10.436 ; 10.224 ; 10.703 ; 10.517 ;
; A5         ; SUM7        ; 10.821 ; 10.590 ; 11.088 ; 10.850 ;
; A5         ; SUM8        ; 11.650 ; 11.531 ; 11.889 ; 11.813 ;
; A6         ; C4          ; 11.118 ;        ;        ; 11.138 ;
; A6         ; SUM6        ; 9.873  ; 9.650  ; 10.109 ; 9.929  ;
; A6         ; SUM7        ; 10.277 ; 10.046 ; 10.547 ; 10.309 ;
; A6         ; SUM8        ; 11.106 ; 10.987 ; 11.348 ; 11.272 ;
; A7         ; C4          ; 10.941 ;        ;        ; 11.068 ;
; A7         ; SUM7        ; 9.948  ; 9.763  ; 10.260 ; 10.009 ;
; A7         ; SUM8        ; 10.950 ; 10.873 ; 11.306 ; 11.181 ;
; A8         ; C4          ; 9.597  ;        ;        ; 9.563  ;
; A8         ; SUM8        ; 9.585  ; 9.466  ; 9.823  ; 9.697  ;
; B1         ; SUM1        ; 10.401 ; 10.216 ; 10.659 ; 10.475 ;
; B2         ; C4          ; 14.883 ; 14.832 ; 15.249 ; 15.054 ;
; B2         ; SUM2        ; 10.020 ; 9.798  ; 10.278 ; 10.150 ;
; B2         ; SUM3        ; 10.484 ; 10.277 ; 10.718 ; 10.577 ;
; B2         ; SUM4        ; 12.785 ; 12.721 ; 13.007 ; 12.959 ;
; B2         ; SUM5        ; 12.758 ; 12.544 ; 12.980 ; 12.776 ;
; B2         ; SUM6        ; 13.852 ; 13.663 ; 14.074 ; 13.885 ;
; B2         ; SUM7        ; 14.241 ; 14.003 ; 14.463 ; 14.225 ;
; B2         ; SUM8        ; 15.042 ; 14.966 ; 15.264 ; 15.188 ;
; B3         ; C4          ; 14.257 ; 14.056 ; 14.601 ; 14.393 ;
; B3         ; SUM3        ; 9.708  ; 9.521  ; 10.052 ; 9.858  ;
; B3         ; SUM4        ; 12.009 ; 11.967 ; 12.346 ; 12.311 ;
; B3         ; SUM5        ; 11.982 ; 11.784 ; 12.319 ; 12.128 ;
; B3         ; SUM6        ; 13.076 ; 12.887 ; 13.413 ; 13.224 ;
; B3         ; SUM7        ; 13.465 ; 13.227 ; 13.802 ; 13.564 ;
; B3         ; SUM8        ; 14.266 ; 14.190 ; 14.603 ; 14.527 ;
; B4         ; C4          ; 14.489 ; 14.281 ; 14.779 ; 14.614 ;
; B4         ; SUM4        ; 12.238 ; 12.195 ; 12.571 ; 12.493 ;
; B4         ; SUM5        ; 12.207 ; 12.016 ; 12.540 ; 12.326 ;
; B4         ; SUM6        ; 13.301 ; 13.112 ; 13.634 ; 13.445 ;
; B4         ; SUM7        ; 13.690 ; 13.452 ; 14.023 ; 13.785 ;
; B4         ; SUM8        ; 14.491 ; 14.415 ; 14.824 ; 14.748 ;
; B5         ; C4          ; 12.079 ; 11.817 ; 12.335 ; 12.116 ;
; B5         ; SUM5        ; 9.738  ; 9.544  ; 9.994  ; 9.843  ;
; B5         ; SUM6        ; 10.855 ; 10.655 ; 11.140 ; 10.954 ;
; B5         ; SUM7        ; 11.238 ; 11.007 ; 11.525 ; 11.287 ;
; B5         ; SUM8        ; 12.067 ; 11.951 ; 12.326 ; 12.250 ;
; B6         ; C4          ; 11.851 ; 11.576 ; 12.208 ; 11.926 ;
; B6         ; SUM6        ; 10.615 ; 10.392 ; 10.972 ; 10.749 ;
; B6         ; SUM7        ; 11.010 ; 10.779 ; 11.367 ; 11.136 ;
; B6         ; SUM8        ; 11.839 ; 11.720 ; 12.196 ; 12.077 ;
; B7         ; C4          ; 10.943 ; 10.741 ; 11.263 ; 11.104 ;
; B7         ; SUM7        ; 9.934  ; 9.703  ; 10.254 ; 10.066 ;
; B7         ; SUM8        ; 10.979 ; 10.875 ; 11.342 ; 11.217 ;
; B8         ; C4          ; 11.406 ; 11.191 ; 11.722 ; 11.500 ;
; B8         ; SUM8        ; 11.442 ; 11.337 ; 11.751 ; 11.653 ;
+------------+-------------+--------+--------+--------+--------+


+--------------------------------------------------------------+
; Minimum Propagation Delay                                    ;
+------------+-------------+--------+--------+--------+--------+
; Input Port ; Output Port ; RR     ; RF     ; FR     ; FF     ;
+------------+-------------+--------+--------+--------+--------+
; A1         ; C4          ; 9.973  ; 9.711  ; 10.247 ; 10.026 ;
; A1         ; SUM1        ; 9.516  ; 9.305  ; 9.794  ; 9.624  ;
; A1         ; SUM3        ; 9.206  ; 9.070  ; 9.478  ; 9.290  ;
; A1         ; SUM4        ; 11.152 ; 11.090 ; 11.397 ; 11.343 ;
; A1         ; SUM5        ; 8.847  ; 8.704  ; 9.147  ; 8.952  ;
; A1         ; SUM6        ; 9.627  ; 9.403  ; 9.899  ; 9.683  ;
; A1         ; SUM7        ; 9.161  ; 8.983  ; 9.462  ; 9.232  ;
; A1         ; SUM8        ; 9.939  ; 9.832  ; 10.213 ; 10.138 ;
; A2         ; C4          ; 13.772 ;        ;        ; 13.747 ;
; A2         ; SUM2        ; 9.221  ; 9.026  ; 9.479  ; 9.276  ;
; A2         ; SUM3        ; 9.520  ; 9.384  ; 9.786  ; 9.598  ;
; A2         ; SUM4        ; 11.727 ; 11.709 ; 12.005 ; 11.979 ;
; A2         ; SUM5        ; 11.571 ; 11.428 ; 11.807 ; 11.612 ;
; A2         ; SUM6        ; 12.581 ; 12.388 ; 12.804 ; 12.581 ;
; A2         ; SUM7        ; 12.966 ; 12.743 ; 13.184 ; 12.953 ;
; A2         ; SUM8        ; 13.759 ; 13.643 ; 13.951 ; 13.876 ;
; A3         ; C4          ; 13.412 ;        ;        ; 13.434 ;
; A3         ; SUM3        ; 9.465  ; 9.284  ; 9.745  ; 9.605  ;
; A3         ; SUM4        ; 11.384 ; 11.330 ; 11.698 ; 11.636 ;
; A3         ; SUM5        ; 11.211 ; 11.068 ; 11.494 ; 11.299 ;
; A3         ; SUM6        ; 12.221 ; 12.028 ; 12.491 ; 12.268 ;
; A3         ; SUM7        ; 12.606 ; 12.383 ; 12.871 ; 12.640 ;
; A3         ; SUM8        ; 13.399 ; 13.283 ; 13.638 ; 13.563 ;
; A4         ; C4          ; 13.089 ;        ;        ; 13.128 ;
; A4         ; SUM4        ; 11.053 ; 10.999 ; 11.335 ; 11.322 ;
; A4         ; SUM5        ; 10.888 ; 10.745 ; 11.188 ; 10.993 ;
; A4         ; SUM6        ; 11.898 ; 11.705 ; 12.185 ; 11.962 ;
; A4         ; SUM7        ; 12.283 ; 12.060 ; 12.565 ; 12.334 ;
; A4         ; SUM8        ; 13.076 ; 12.960 ; 13.332 ; 13.257 ;
; A5         ; C4          ; 11.184 ;        ;        ; 11.210 ;
; A5         ; SUM5        ; 8.991  ; 8.803  ; 9.272  ; 9.076  ;
; A5         ; SUM6        ; 9.998  ; 9.805  ; 10.267 ; 10.044 ;
; A5         ; SUM7        ; 10.378 ; 10.155 ; 10.647 ; 10.416 ;
; A5         ; SUM8        ; 11.171 ; 11.055 ; 11.414 ; 11.339 ;
; A6         ; C4          ; 10.717 ;        ;        ; 10.732 ;
; A6         ; SUM6        ; 9.523  ; 9.307  ; 9.748  ; 9.573  ;
; A6         ; SUM7        ; 9.911  ; 9.688  ; 10.169 ; 9.938  ;
; A6         ; SUM8        ; 10.704 ; 10.588 ; 10.936 ; 10.861 ;
; A7         ; C4          ; 10.321 ;        ;        ; 10.364 ;
; A7         ; SUM7        ; 9.516  ; 9.338  ; 9.796  ; 9.566  ;
; A7         ; SUM8        ; 10.308 ; 10.192 ; 10.568 ; 10.493 ;
; A8         ; C4          ; 9.261  ;        ;        ; 9.222  ;
; A8         ; SUM8        ; 9.249  ; 9.133  ; 9.475  ; 9.351  ;
; B1         ; SUM1        ; 9.943  ; 9.768  ; 10.211 ; 10.000 ;
; B2         ; C4          ; 14.129 ; 13.939 ; 14.480 ; 14.162 ;
; B2         ; SUM2        ; 9.625  ; 9.418  ; 9.883  ; 9.729  ;
; B2         ; SUM3        ; 9.877  ; 9.741  ; 10.201 ; 10.013 ;
; B2         ; SUM4        ; 12.084 ; 12.066 ; 12.420 ; 12.394 ;
; B2         ; SUM5        ; 11.928 ; 11.785 ; 12.222 ; 12.027 ;
; B2         ; SUM6        ; 12.938 ; 12.745 ; 13.219 ; 12.996 ;
; B2         ; SUM7        ; 13.323 ; 13.100 ; 13.599 ; 13.368 ;
; B2         ; SUM8        ; 14.116 ; 14.000 ; 14.366 ; 14.291 ;
; B3         ; C4          ; 13.309 ; 13.009 ; 13.641 ; 13.333 ;
; B3         ; SUM3        ; 9.362  ; 9.181  ; 9.694  ; 9.505  ;
; B3         ; SUM4        ; 11.273 ; 11.211 ; 11.597 ; 11.535 ;
; B3         ; SUM5        ; 11.069 ; 10.874 ; 11.393 ; 11.198 ;
; B3         ; SUM6        ; 12.066 ; 11.843 ; 12.390 ; 12.167 ;
; B3         ; SUM7        ; 12.446 ; 12.215 ; 12.770 ; 12.539 ;
; B3         ; SUM8        ; 13.213 ; 13.138 ; 13.537 ; 13.462 ;
; B4         ; C4          ; 13.771 ; 13.503 ; 14.052 ; 13.825 ;
; B4         ; SUM4        ; 11.736 ; 11.688 ; 12.017 ; 12.006 ;
; B4         ; SUM5        ; 11.563 ; 11.368 ; 11.851 ; 11.690 ;
; B4         ; SUM6        ; 12.560 ; 12.337 ; 12.861 ; 12.659 ;
; B4         ; SUM7        ; 12.940 ; 12.709 ; 13.246 ; 13.023 ;
; B4         ; SUM8        ; 13.707 ; 13.632 ; 14.029 ; 13.923 ;
; B5         ; C4          ; 11.586 ; 11.335 ; 11.834 ; 11.624 ;
; B5         ; SUM5        ; 9.388  ; 9.200  ; 9.636  ; 9.489  ;
; B5         ; SUM6        ; 10.392 ; 10.169 ; 10.647 ; 10.454 ;
; B5         ; SUM7        ; 10.772 ; 10.541 ; 11.028 ; 10.805 ;
; B5         ; SUM8        ; 11.539 ; 11.457 ; 11.821 ; 11.705 ;
; B6         ; C4          ; 11.418 ; 11.151 ; 11.762 ; 11.487 ;
; B6         ; SUM6        ; 10.225 ; 10.001 ; 10.561 ; 10.337 ;
; B6         ; SUM7        ; 10.588 ; 10.357 ; 10.924 ; 10.693 ;
; B6         ; SUM8        ; 11.355 ; 11.280 ; 11.691 ; 11.616 ;
; B7         ; C4          ; 10.380 ; 10.147 ; 10.690 ; 10.496 ;
; B7         ; SUM7        ; 9.576  ; 9.353  ; 9.886  ; 9.704  ;
; B7         ; SUM8        ; 10.351 ; 10.251 ; 10.677 ; 10.561 ;
; B8         ; C4          ; 10.948 ; 10.686 ; 11.253 ; 10.983 ;
; B8         ; SUM8        ; 10.914 ; 10.807 ; 11.219 ; 11.104 ;
+------------+-------------+--------+--------+--------+--------+


----------------------------------------------
; Slow 1200mV 85C Model Metastability Report ;
----------------------------------------------
No synchronizer chains to report.


-------------------------------------
; Slow 1200mV 0C Model Fmax Summary ;
-------------------------------------
No paths to report.


--------------------------------------
; Slow 1200mV 0C Model Setup Summary ;
--------------------------------------
No paths to report.


-------------------------------------
; Slow 1200mV 0C Model Hold Summary ;
-------------------------------------
No paths to report.


-----------------------------------------
; Slow 1200mV 0C Model Recovery Summary ;
-----------------------------------------
No paths to report.


----------------------------------------
; Slow 1200mV 0C Model Removal Summary ;
----------------------------------------
No paths to report.


----------------------------------------------------
; Slow 1200mV 0C Model Minimum Pulse Width Summary ;
----------------------------------------------------
No paths to report.


+--------------------------------------------------------------+
; Propagation Delay                                            ;
+------------+-------------+--------+--------+--------+--------+
; Input Port ; Output Port ; RR     ; RF     ; FR     ; FF     ;
+------------+-------------+--------+--------+--------+--------+
; A1         ; C4          ; 13.610 ; 12.633 ; 13.180 ; 13.258 ;
; A1         ; SUM1        ; 9.028  ; 8.705  ; 9.129  ; 8.844  ;
; A1         ; SUM3        ; 9.312  ; 9.090  ; 9.426  ; 9.155  ;
; A1         ; SUM4        ; 11.341 ; 11.192 ; 11.464 ; 11.280 ;
; A1         ; SUM5        ; 11.402 ; 11.186 ; 11.461 ; 11.196 ;
; A1         ; SUM6        ; 12.443 ; 12.160 ; 12.469 ; 12.206 ;
; A1         ; SUM7        ; 12.812 ; 12.496 ; 12.827 ; 12.505 ;
; A1         ; SUM8        ; 13.553 ; 13.396 ; 13.520 ; 13.401 ;
; A2         ; C4          ; 13.376 ;        ;        ; 13.003 ;
; A2         ; SUM2        ; 8.720  ; 8.408  ; 8.831  ; 8.513  ;
; A2         ; SUM3        ; 9.078  ; 8.856  ; 9.171  ; 8.900  ;
; A2         ; SUM4        ; 11.107 ; 10.958 ; 11.209 ; 11.025 ;
; A2         ; SUM5        ; 11.168 ; 10.952 ; 11.206 ; 10.941 ;
; A2         ; SUM6        ; 12.209 ; 11.926 ; 12.214 ; 11.951 ;
; A2         ; SUM7        ; 12.578 ; 12.262 ; 12.572 ; 12.250 ;
; A2         ; SUM8        ; 13.319 ; 13.162 ; 13.265 ; 13.146 ;
; A3         ; C4          ; 13.253 ;        ;        ; 12.911 ;
; A3         ; SUM3        ; 8.941  ; 8.678  ; 9.051  ; 8.826  ;
; A3         ; SUM4        ; 10.984 ; 10.835 ; 11.117 ; 10.933 ;
; A3         ; SUM5        ; 11.045 ; 10.829 ; 11.114 ; 10.849 ;
; A3         ; SUM6        ; 12.086 ; 11.803 ; 12.122 ; 11.859 ;
; A3         ; SUM7        ; 12.455 ; 12.139 ; 12.480 ; 12.158 ;
; A3         ; SUM8        ; 13.196 ; 13.039 ; 13.173 ; 13.054 ;
; A4         ; C4          ; 12.640 ;        ;        ; 12.278 ;
; A4         ; SUM4        ; 10.350 ; 10.164 ; 10.459 ; 10.311 ;
; A4         ; SUM5        ; 10.432 ; 10.216 ; 10.481 ; 10.216 ;
; A4         ; SUM6        ; 11.473 ; 11.190 ; 11.489 ; 11.226 ;
; A4         ; SUM7        ; 11.842 ; 11.526 ; 11.847 ; 11.525 ;
; A4         ; SUM8        ; 12.583 ; 12.426 ; 12.540 ; 12.421 ;
; A5         ; C4          ; 10.702 ;        ;        ; 10.365 ;
; A5         ; SUM5        ; 8.481  ; 8.223  ; 8.585  ; 8.321  ;
; A5         ; SUM6        ; 9.536  ; 9.252  ; 9.582  ; 9.320  ;
; A5         ; SUM7        ; 9.904  ; 9.588  ; 9.934  ; 9.612  ;
; A5         ; SUM8        ; 10.645 ; 10.488 ; 10.627 ; 10.508 ;
; A6         ; C4          ; 10.165 ;        ;        ; 9.905  ;
; A6         ; SUM6        ; 8.984  ; 8.684  ; 9.078  ; 8.816  ;
; A6         ; SUM7        ; 9.367  ; 9.051  ; 9.474  ; 9.152  ;
; A6         ; SUM8        ; 10.108 ; 9.951  ; 10.167 ; 10.048 ;
; A7         ; C4          ; 9.990  ;        ;        ; 9.831  ;
; A7         ; SUM7        ; 9.054  ; 8.780  ; 9.196  ; 8.873  ;
; A7         ; SUM8        ; 9.959  ; 9.839  ; 10.110 ; 9.955  ;
; A8         ; C4          ; 8.739  ;        ;        ; 8.466  ;
; A8         ; SUM8        ; 8.682  ; 8.524  ; 8.773  ; 8.609  ;
; B1         ; SUM1        ; 9.510  ; 9.219  ; 9.568  ; 9.279  ;
; B2         ; C4          ; 13.742 ; 13.357 ; 13.934 ; 13.417 ;
; B2         ; SUM2        ; 9.144  ; 8.813  ; 9.236  ; 8.999  ;
; B2         ; SUM3        ; 9.525  ; 9.254  ; 9.636  ; 9.414  ;
; B2         ; SUM4        ; 11.563 ; 11.379 ; 11.665 ; 11.516 ;
; B2         ; SUM5        ; 11.560 ; 11.318 ; 11.726 ; 11.510 ;
; B2         ; SUM6        ; 12.575 ; 12.305 ; 12.767 ; 12.484 ;
; B2         ; SUM7        ; 12.944 ; 12.628 ; 13.136 ; 12.820 ;
; B2         ; SUM8        ; 13.685 ; 13.528 ; 13.877 ; 13.720 ;
; B3         ; C4          ; 13.129 ; 12.639 ; 13.336 ; 12.840 ;
; B3         ; SUM3        ; 8.817  ; 8.553  ; 9.024  ; 8.754  ;
; B3         ; SUM4        ; 10.860 ; 10.711 ; 11.067 ; 10.918 ;
; B3         ; SUM5        ; 10.921 ; 10.705 ; 11.128 ; 10.912 ;
; B3         ; SUM6        ; 11.962 ; 11.679 ; 12.169 ; 11.886 ;
; B3         ; SUM7        ; 12.331 ; 12.015 ; 12.538 ; 12.222 ;
; B3         ; SUM8        ; 13.072 ; 12.915 ; 13.279 ; 13.122 ;
; B4         ; C4          ; 13.375 ; 12.878 ; 13.483 ; 13.024 ;
; B4         ; SUM4        ; 11.097 ; 10.952 ; 11.231 ; 11.060 ;
; B4         ; SUM5        ; 11.167 ; 10.951 ; 11.275 ; 11.059 ;
; B4         ; SUM6        ; 12.208 ; 11.925 ; 12.316 ; 12.033 ;
; B4         ; SUM7        ; 12.577 ; 12.261 ; 12.685 ; 12.369 ;
; B4         ; SUM8        ; 13.318 ; 13.161 ; 13.426 ; 13.269 ;
; B5         ; C4          ; 11.111 ; 10.679 ; 11.154 ; 10.760 ;
; B5         ; SUM5        ; 8.889  ; 8.632  ; 8.932  ; 8.713  ;
; B5         ; SUM6        ; 9.944  ; 9.661  ; 9.989  ; 9.717  ;
; B5         ; SUM7        ; 10.313 ; 9.997  ; 10.356 ; 10.040 ;
; B5         ; SUM8        ; 11.054 ; 10.897 ; 11.097 ; 10.940 ;
; B6         ; C4          ; 10.867 ; 10.436 ; 11.044 ; 10.607 ;
; B6         ; SUM6        ; 9.693  ; 9.392  ; 9.870  ; 9.569  ;
; B6         ; SUM7        ; 10.069 ; 9.753  ; 10.246 ; 9.930  ;
; B6         ; SUM8        ; 10.810 ; 10.653 ; 10.987 ; 10.830 ;
; B7         ; C4          ; 10.006 ; 9.682  ; 10.142 ; 9.856  ;
; B7         ; SUM7        ; 9.056  ; 8.741  ; 9.193  ; 8.916  ;
; B7         ; SUM8        ; 9.975  ; 9.855  ; 10.135 ; 9.991  ;
; B8         ; C4          ; 10.460 ; 10.115 ; 10.556 ; 10.205 ;
; B8         ; SUM8        ; 10.416 ; 10.300 ; 10.512 ; 10.396 ;
+------------+-------------+--------+--------+--------+--------+


+--------------------------------------------------------------+
; Minimum Propagation Delay                                    ;
+------------+-------------+--------+--------+--------+--------+
; Input Port ; Output Port ; RR     ; RF     ; FR     ; FF     ;
+------------+-------------+--------+--------+--------+--------+
; A1         ; C4          ; 9.114  ; 8.735  ; 9.212  ; 8.868  ;
; A1         ; SUM1        ; 8.685  ; 8.374  ; 8.785  ; 8.510  ;
; A1         ; SUM3        ; 8.363  ; 8.157  ; 8.461  ; 8.204  ;
; A1         ; SUM4        ; 10.087 ; 9.902  ; 10.173 ; 9.993  ;
; A1         ; SUM5        ; 8.037  ; 7.837  ; 8.148  ; 7.897  ;
; A1         ; SUM6        ; 8.767  ; 8.470  ; 8.863  ; 8.571  ;
; A1         ; SUM7        ; 8.338  ; 8.082  ; 8.449  ; 8.142  ;
; A1         ; SUM8        ; 9.019  ; 8.864  ; 9.124  ; 8.997  ;
; A2         ; C4          ; 12.675 ;        ;        ; 12.213 ;
; A2         ; SUM2        ; 8.393  ; 8.091  ; 8.500  ; 8.193  ;
; A2         ; SUM3        ; 8.658  ; 8.450  ; 8.741  ; 8.483  ;
; A2         ; SUM4        ; 10.633 ; 10.500 ; 10.701 ; 10.553 ;
; A2         ; SUM5        ; 10.588 ; 10.386 ; 10.544 ; 10.292 ;
; A2         ; SUM6        ; 11.546 ; 11.278 ; 11.456 ; 11.163 ;
; A2         ; SUM7        ; 11.912 ; 11.605 ; 11.803 ; 11.491 ;
; A2         ; SUM8        ; 12.620 ; 12.468 ; 12.467 ; 12.351 ;
; A3         ; C4          ; 12.342 ;        ;        ; 11.933 ;
; A3         ; SUM3        ; 8.602  ; 8.347  ; 8.710  ; 8.491  ;
; A3         ; SUM4        ; 10.313 ; 10.133 ; 10.429 ; 10.244 ;
; A3         ; SUM5        ; 10.255 ; 10.053 ; 10.264 ; 10.012 ;
; A3         ; SUM6        ; 11.213 ; 10.945 ; 11.176 ; 10.883 ;
; A3         ; SUM7        ; 11.579 ; 11.272 ; 11.523 ; 11.211 ;
; A3         ; SUM8        ; 12.287 ; 12.135 ; 12.187 ; 12.071 ;
; A4         ; C4          ; 12.041 ;        ;        ; 11.667 ;
; A4         ; SUM4        ; 10.005 ; 9.827  ; 10.112 ; 9.970  ;
; A4         ; SUM5        ; 9.954  ; 9.752  ; 9.998  ; 9.746  ;
; A4         ; SUM6        ; 10.912 ; 10.644 ; 10.910 ; 10.617 ;
; A4         ; SUM7        ; 11.278 ; 10.971 ; 11.257 ; 10.945 ;
; A4         ; SUM8        ; 11.986 ; 11.834 ; 11.921 ; 11.805 ;
; A5         ; C4          ; 10.244 ;        ;        ; 9.928  ;
; A5         ; SUM5        ; 8.164  ; 7.913  ; 8.265  ; 8.009  ;
; A5         ; SUM6        ; 9.121  ; 8.853  ; 9.172  ; 8.879  ;
; A5         ; SUM7        ; 9.481  ; 9.174  ; 9.518  ; 9.206  ;
; A5         ; SUM8        ; 10.189 ; 10.037 ; 10.182 ; 10.066 ;
; A6         ; C4          ; 9.778  ;        ;        ; 9.524  ;
; A6         ; SUM6        ; 8.645  ; 8.355  ; 8.735  ; 8.481  ;
; A6         ; SUM7        ; 9.015  ; 8.708  ; 9.114  ; 8.802  ;
; A6         ; SUM8        ; 9.723  ; 9.571  ; 9.778  ; 9.662  ;
; A7         ; C4          ; 9.400  ;        ;        ; 9.182  ;
; A7         ; SUM7        ; 8.636  ; 8.378  ; 8.764  ; 8.456  ;
; A7         ; SUM8        ; 9.345  ; 9.193  ; 9.436  ; 9.320  ;
; A8         ; C4          ; 8.414  ;        ;        ; 8.146  ;
; A8         ; SUM8        ; 8.359  ; 8.205  ; 8.443  ; 8.284  ;
; B1         ; SUM1        ; 9.068  ; 8.800  ; 9.146  ; 8.837  ;
; B2         ; C4          ; 13.001 ; 12.528 ; 13.191 ; 12.590 ;
; B2         ; SUM2        ; 8.760  ; 8.459  ; 8.862  ; 8.606  ;
; B2         ; SUM3        ; 8.984  ; 8.776  ; 9.118  ; 8.860  ;
; B2         ; SUM4        ; 10.959 ; 10.826 ; 11.078 ; 10.930 ;
; B2         ; SUM5        ; 10.859 ; 10.607 ; 10.921 ; 10.669 ;
; B2         ; SUM6        ; 11.771 ; 11.478 ; 11.833 ; 11.540 ;
; B2         ; SUM7        ; 12.118 ; 11.806 ; 12.180 ; 11.868 ;
; B2         ; SUM8        ; 12.782 ; 12.666 ; 12.844 ; 12.728 ;
; B3         ; C4          ; 12.225 ; 11.670 ; 12.425 ; 11.865 ;
; B3         ; SUM3        ; 8.486  ; 8.229  ; 8.686  ; 8.424  ;
; B3         ; SUM4        ; 10.166 ; 9.981  ; 10.361 ; 10.176 ;
; B3         ; SUM5        ; 10.001 ; 9.749  ; 10.196 ; 9.944  ;
; B3         ; SUM6        ; 10.913 ; 10.620 ; 11.108 ; 10.815 ;
; B3         ; SUM7        ; 11.260 ; 10.948 ; 11.455 ; 11.143 ;
; B3         ; SUM8        ; 11.924 ; 11.808 ; 12.119 ; 12.003 ;
; B4         ; C4          ; 12.681 ; 12.150 ; 12.786 ; 12.291 ;
; B4         ; SUM4        ; 10.626 ; 10.445 ; 10.751 ; 10.586 ;
; B4         ; SUM5        ; 10.481 ; 10.229 ; 10.622 ; 10.370 ;
; B4         ; SUM6        ; 11.393 ; 11.100 ; 11.534 ; 11.241 ;
; B4         ; SUM7        ; 11.740 ; 11.428 ; 11.881 ; 11.569 ;
; B4         ; SUM8        ; 12.404 ; 12.288 ; 12.545 ; 12.429 ;
; B5         ; C4          ; 10.637 ; 10.224 ; 10.680 ; 10.304 ;
; B5         ; SUM5        ; 8.552  ; 8.303  ; 8.597  ; 8.384  ;
; B5         ; SUM6        ; 9.467  ; 9.174  ; 9.547  ; 9.254  ;
; B5         ; SUM7        ; 9.814  ; 9.502  ; 9.894  ; 9.582  ;
; B5         ; SUM8        ; 10.478 ; 10.362 ; 10.558 ; 10.442 ;
; B6         ; C4          ; 10.453 ; 10.036 ; 10.623 ; 10.201 ;
; B6         ; SUM6        ; 9.298  ; 9.001  ; 9.463  ; 9.166  ;
; B6         ; SUM7        ; 9.626  ; 9.314  ; 9.791  ; 9.479  ;
; B6         ; SUM8        ; 10.290 ; 10.174 ; 10.455 ; 10.339 ;
; B7         ; C4          ; 9.473  ; 9.130  ; 9.607  ; 9.299  ;
; B7         ; SUM7        ; 8.712  ; 8.407  ; 8.846  ; 8.577  ;
; B7         ; SUM8        ; 9.384  ; 9.266  ; 9.552  ; 9.400  ;
; B8         ; C4          ; 10.020 ; 9.638  ; 10.113 ; 9.726  ;
; B8         ; SUM8        ; 9.922  ; 9.767  ; 10.010 ; 9.855  ;
+------------+-------------+--------+--------+--------+--------+


---------------------------------------------
; Slow 1200mV 0C Model Metastability Report ;
---------------------------------------------
No synchronizer chains to report.


--------------------------------------
; Fast 1200mV 0C Model Setup Summary ;
--------------------------------------
No paths to report.


-------------------------------------
; Fast 1200mV 0C Model Hold Summary ;
-------------------------------------
No paths to report.


-----------------------------------------
; Fast 1200mV 0C Model Recovery Summary ;
-----------------------------------------
No paths to report.


----------------------------------------
; Fast 1200mV 0C Model Removal Summary ;
----------------------------------------
No paths to report.


----------------------------------------------------
; Fast 1200mV 0C Model Minimum Pulse Width Summary ;
----------------------------------------------------
No paths to report.


+----------------------------------------------------------+
; Propagation Delay                                        ;
+------------+-------------+-------+-------+-------+-------+
; Input Port ; Output Port ; RR    ; RF    ; FR    ; FF    ;
+------------+-------------+-------+-------+-------+-------+
; A1         ; C4          ; 6.593 ; 6.711 ; 7.013 ; 7.587 ;
; A1         ; SUM1        ; 4.614 ; 4.717 ; 5.228 ; 5.349 ;
; A1         ; SUM3        ; 4.740 ; 4.828 ; 5.418 ; 5.467 ;
; A1         ; SUM4        ; 6.003 ; 6.157 ; 6.727 ; 6.849 ;
; A1         ; SUM5        ; 5.655 ; 5.715 ; 6.527 ; 6.548 ;
; A1         ; SUM6        ; 6.124 ; 6.195 ; 7.000 ; 7.071 ;
; A1         ; SUM7        ; 6.283 ; 6.336 ; 7.159 ; 7.212 ;
; A1         ; SUM8        ; 6.713 ; 6.843 ; 7.589 ; 7.719 ;
; A2         ; C4          ; 6.496 ;       ;       ; 7.462 ;
; A2         ; SUM2        ; 4.492 ; 4.588 ; 5.095 ; 5.184 ;
; A2         ; SUM3        ; 4.643 ; 4.731 ; 5.293 ; 5.342 ;
; A2         ; SUM4        ; 5.906 ; 6.060 ; 6.602 ; 6.724 ;
; A2         ; SUM5        ; 5.558 ; 5.618 ; 6.402 ; 6.423 ;
; A2         ; SUM6        ; 6.011 ; 6.073 ; 6.875 ; 6.946 ;
; A2         ; SUM7        ; 6.151 ; 6.211 ; 7.034 ; 7.087 ;
; A2         ; SUM8        ; 6.576 ; 6.688 ; 7.464 ; 7.594 ;
; A3         ; C4          ; 6.473 ;       ;       ; 7.440 ;
; A3         ; SUM3        ; 4.614 ; 4.684 ; 5.247 ; 5.335 ;
; A3         ; SUM4        ; 5.883 ; 6.037 ; 6.580 ; 6.702 ;
; A3         ; SUM5        ; 5.535 ; 5.595 ; 6.380 ; 6.401 ;
; A3         ; SUM6        ; 5.988 ; 6.050 ; 6.853 ; 6.924 ;
; A3         ; SUM7        ; 6.128 ; 6.188 ; 7.012 ; 7.065 ;
; A3         ; SUM8        ; 6.553 ; 6.665 ; 7.442 ; 7.572 ;
; A4         ; C4          ; 6.223 ;       ;       ; 7.151 ;
; A4         ; SUM4        ; 5.620 ; 5.757 ; 6.263 ; 6.418 ;
; A4         ; SUM5        ; 5.285 ; 5.345 ; 6.091 ; 6.112 ;
; A4         ; SUM6        ; 5.738 ; 5.800 ; 6.564 ; 6.635 ;
; A4         ; SUM7        ; 5.878 ; 5.938 ; 6.723 ; 6.776 ;
; A4         ; SUM8        ; 6.303 ; 6.415 ; 7.153 ; 7.283 ;
; A5         ; C4          ; 5.332 ;       ;       ; 6.096 ;
; A5         ; SUM5        ; 4.389 ; 4.434 ; 5.034 ; 5.072 ;
; A5         ; SUM6        ; 4.847 ; 4.909 ; 5.512 ; 5.583 ;
; A5         ; SUM7        ; 4.987 ; 5.047 ; 5.668 ; 5.721 ;
; A5         ; SUM8        ; 5.412 ; 5.524 ; 6.098 ; 6.228 ;
; A6         ; C4          ; 5.146 ;       ;       ; 5.900 ;
; A6         ; SUM6        ; 4.651 ; 4.716 ; 5.284 ; 5.367 ;
; A6         ; SUM7        ; 4.801 ; 4.861 ; 5.472 ; 5.525 ;
; A6         ; SUM8        ; 5.226 ; 5.338 ; 5.902 ; 6.032 ;
; A7         ; C4          ; 5.075 ;       ;       ; 5.857 ;
; A7         ; SUM7        ; 4.660 ; 4.735 ; 5.333 ; 5.369 ;
; A7         ; SUM8        ; 5.160 ; 5.289 ; 5.879 ; 5.976 ;
; A8         ; C4          ; 4.489 ;       ;       ; 5.142 ;
; A8         ; SUM8        ; 4.569 ; 4.684 ; 5.166 ; 5.274 ;
; B1         ; SUM1        ; 4.833 ; 4.949 ; 5.479 ; 5.586 ;
; B2         ; C4          ; 6.679 ; 7.088 ; 7.345 ; 7.684 ;
; B2         ; SUM2        ; 4.702 ; 4.785 ; 5.320 ; 5.436 ;
; B2         ; SUM3        ; 4.919 ; 4.968 ; 5.515 ; 5.580 ;
; B2         ; SUM4        ; 6.228 ; 6.350 ; 6.824 ; 6.946 ;
; B2         ; SUM5        ; 6.028 ; 6.049 ; 6.624 ; 6.645 ;
; B2         ; SUM6        ; 6.501 ; 6.572 ; 7.097 ; 7.168 ;
; B2         ; SUM7        ; 6.660 ; 6.713 ; 7.256 ; 7.309 ;
; B2         ; SUM8        ; 7.090 ; 7.220 ; 7.686 ; 7.816 ;
; B3         ; C4          ; 6.499 ; 6.819 ; 7.179 ; 7.492 ;
; B3         ; SUM3        ; 4.640 ; 4.713 ; 5.320 ; 5.386 ;
; B3         ; SUM4        ; 5.959 ; 6.081 ; 6.632 ; 6.754 ;
; B3         ; SUM5        ; 5.759 ; 5.780 ; 6.432 ; 6.453 ;
; B3         ; SUM6        ; 6.232 ; 6.303 ; 6.905 ; 6.976 ;
; B3         ; SUM7        ; 6.391 ; 6.444 ; 7.064 ; 7.117 ;
; B3         ; SUM8        ; 6.821 ; 6.951 ; 7.494 ; 7.624 ;
; B4         ; C4          ; 6.535 ; 6.850 ; 7.182 ; 7.515 ;
; B4         ; SUM4        ; 5.985 ; 6.101 ; 6.650 ; 6.766 ;
; B4         ; SUM5        ; 5.790 ; 5.811 ; 6.455 ; 6.476 ;
; B4         ; SUM6        ; 6.263 ; 6.334 ; 6.928 ; 6.999 ;
; B4         ; SUM7        ; 6.422 ; 6.475 ; 7.087 ; 7.140 ;
; B4         ; SUM8        ; 6.852 ; 6.982 ; 7.517 ; 7.647 ;
; B5         ; C4          ; 5.503 ; 5.629 ; 6.150 ; 6.293 ;
; B5         ; SUM5        ; 4.559 ; 4.601 ; 5.206 ; 5.266 ;
; B5         ; SUM6        ; 5.047 ; 5.118 ; 5.711 ; 5.782 ;
; B5         ; SUM7        ; 5.201 ; 5.254 ; 5.865 ; 5.918 ;
; B5         ; SUM8        ; 5.631 ; 5.761 ; 6.295 ; 6.425 ;
; B6         ; C4          ; 5.483 ; 5.602 ; 6.199 ; 6.311 ;
; B6         ; SUM6        ; 5.018 ; 5.079 ; 5.727 ; 5.788 ;
; B6         ; SUM7        ; 5.174 ; 5.227 ; 5.883 ; 5.936 ;
; B6         ; SUM8        ; 5.604 ; 5.734 ; 6.313 ; 6.443 ;
; B7         ; C4          ; 5.092 ; 5.202 ; 5.751 ; 5.879 ;
; B7         ; SUM7        ; 4.672 ; 4.729 ; 5.331 ; 5.406 ;
; B7         ; SUM8        ; 5.224 ; 5.321 ; 5.901 ; 5.998 ;
; B8         ; C4          ; 5.299 ; 5.411 ; 6.014 ; 6.119 ;
; B8         ; SUM8        ; 5.436 ; 5.526 ; 6.144 ; 6.234 ;
+------------+-------------+-------+-------+-------+-------+


+----------------------------------------------------------+
; Minimum Propagation Delay                                ;
+------------+-------------+-------+-------+-------+-------+
; Input Port ; Output Port ; RR    ; RF    ; FR    ; FF    ;
+------------+-------------+-------+-------+-------+-------+
; A1         ; C4          ; 4.624 ; 4.704 ; 5.228 ; 5.327 ;
; A1         ; SUM1        ; 4.459 ; 4.556 ; 5.062 ; 5.179 ;
; A1         ; SUM3        ; 4.326 ; 4.405 ; 4.946 ; 5.006 ;
; A1         ; SUM4        ; 5.468 ; 5.604 ; 6.067 ; 6.205 ;
; A1         ; SUM5        ; 4.164 ; 4.216 ; 4.792 ; 4.825 ;
; A1         ; SUM6        ; 4.493 ; 4.558 ; 5.099 ; 5.165 ;
; A1         ; SUM7        ; 4.294 ; 4.360 ; 4.922 ; 4.969 ;
; A1         ; SUM8        ; 4.694 ; 4.813 ; 5.298 ; 5.417 ;
; A2         ; C4          ; 6.189 ;       ;       ; 7.069 ;
; A2         ; SUM2        ; 4.341 ; 4.434 ; 4.936 ; 5.022 ;
; A2         ; SUM3        ; 4.453 ; 4.532 ; 5.077 ; 5.138 ;
; A2         ; SUM4        ; 5.696 ; 5.838 ; 6.351 ; 6.491 ;
; A2         ; SUM5        ; 5.303 ; 5.355 ; 6.068 ; 6.102 ;
; A2         ; SUM6        ; 5.716 ; 5.783 ; 6.499 ; 6.555 ;
; A2         ; SUM7        ; 5.858 ; 5.916 ; 6.656 ; 6.707 ;
; A2         ; SUM8        ; 6.267 ; 6.373 ; 7.070 ; 7.196 ;
; A3         ; C4          ; 6.064 ;       ;       ; 6.958 ;
; A3         ; SUM3        ; 4.459 ; 4.525 ; 5.079 ; 5.165 ;
; A3         ; SUM4        ; 5.579 ; 5.717 ; 6.236 ; 6.367 ;
; A3         ; SUM5        ; 5.178 ; 5.230 ; 5.957 ; 5.991 ;
; A3         ; SUM6        ; 5.591 ; 5.658 ; 6.388 ; 6.444 ;
; A3         ; SUM7        ; 5.733 ; 5.791 ; 6.545 ; 6.596 ;
; A3         ; SUM8        ; 6.142 ; 6.248 ; 6.959 ; 7.085 ;
; A4         ; C4          ; 5.954 ;       ;       ; 6.843 ;
; A4         ; SUM4        ; 5.462 ; 5.595 ; 6.093 ; 6.246 ;
; A4         ; SUM5        ; 5.068 ; 5.120 ; 5.842 ; 5.876 ;
; A4         ; SUM6        ; 5.481 ; 5.548 ; 6.273 ; 6.329 ;
; A4         ; SUM7        ; 5.623 ; 5.681 ; 6.430 ; 6.481 ;
; A4         ; SUM8        ; 6.032 ; 6.138 ; 6.844 ; 6.970 ;
; A5         ; C4          ; 5.121 ;       ;       ; 5.877 ;
; A5         ; SUM5        ; 4.242 ; 4.286 ; 4.876 ; 4.913 ;
; A5         ; SUM6        ; 4.654 ; 4.720 ; 5.311 ; 5.367 ;
; A5         ; SUM7        ; 4.790 ; 4.848 ; 5.464 ; 5.515 ;
; A5         ; SUM8        ; 5.199 ; 5.305 ; 5.878 ; 6.004 ;
; A6         ; C4          ; 4.967 ;       ;       ; 5.710 ;
; A6         ; SUM6        ; 4.492 ; 4.553 ; 5.115 ; 5.196 ;
; A6         ; SUM7        ; 4.636 ; 4.694 ; 5.297 ; 5.348 ;
; A6         ; SUM8        ; 5.045 ; 5.151 ; 5.711 ; 5.837 ;
; A7         ; C4          ; 4.797 ;       ;       ; 5.523 ;
; A7         ; SUM7        ; 4.467 ; 4.533 ; 5.115 ; 5.163 ;
; A7         ; SUM8        ; 4.875 ; 4.981 ; 5.524 ; 5.650 ;
; A8         ; C4          ; 4.335 ;       ;       ; 4.980 ;
; A8         ; SUM8        ; 4.413 ; 4.524 ; 5.003 ; 5.107 ;
; B1         ; SUM1        ; 4.634 ; 4.742 ; 5.272 ; 5.363 ;
; B2         ; C4          ; 6.358 ; 6.677 ; 7.007 ; 7.269 ;
; B2         ; SUM2        ; 4.530 ; 4.607 ; 5.135 ; 5.238 ;
; B2         ; SUM3        ; 4.622 ; 4.701 ; 5.271 ; 5.338 ;
; B2         ; SUM4        ; 5.865 ; 6.007 ; 6.514 ; 6.656 ;
; B2         ; SUM5        ; 5.472 ; 5.524 ; 6.121 ; 6.173 ;
; B2         ; SUM6        ; 5.885 ; 5.952 ; 6.534 ; 6.601 ;
; B2         ; SUM7        ; 6.027 ; 6.085 ; 6.676 ; 6.734 ;
; B2         ; SUM8        ; 6.436 ; 6.542 ; 7.085 ; 7.191 ;
; B3         ; C4          ; 6.088 ; 6.346 ; 6.756 ; 7.007 ;
; B3         ; SUM3        ; 4.483 ; 4.554 ; 5.151 ; 5.215 ;
; B3         ; SUM4        ; 5.603 ; 5.741 ; 6.271 ; 6.409 ;
; B3         ; SUM5        ; 5.202 ; 5.254 ; 5.870 ; 5.922 ;
; B3         ; SUM6        ; 5.615 ; 5.682 ; 6.283 ; 6.350 ;
; B3         ; SUM7        ; 5.757 ; 5.815 ; 6.425 ; 6.483 ;
; B3         ; SUM8        ; 6.166 ; 6.272 ; 6.834 ; 6.940 ;
; B4         ; C4          ; 6.226 ; 6.492 ; 6.860 ; 7.146 ;
; B4         ; SUM4        ; 5.733 ; 5.878 ; 6.367 ; 6.512 ;
; B4         ; SUM5        ; 5.340 ; 5.392 ; 5.974 ; 6.026 ;
; B4         ; SUM6        ; 5.753 ; 5.820 ; 6.387 ; 6.454 ;
; B4         ; SUM7        ; 5.895 ; 5.953 ; 6.529 ; 6.587 ;
; B4         ; SUM8        ; 6.304 ; 6.410 ; 6.938 ; 7.044 ;
; B5         ; C4          ; 5.289 ; 5.413 ; 5.924 ; 6.068 ;
; B5         ; SUM5        ; 4.406 ; 4.445 ; 5.041 ; 5.100 ;
; B5         ; SUM6        ; 4.819 ; 4.886 ; 5.455 ; 5.522 ;
; B5         ; SUM7        ; 4.958 ; 5.016 ; 5.593 ; 5.651 ;
; B5         ; SUM8        ; 5.367 ; 5.473 ; 6.002 ; 6.108 ;
; B6         ; C4          ; 5.291 ; 5.410 ; 5.994 ; 6.106 ;
; B6         ; SUM6        ; 4.825 ; 4.891 ; 5.528 ; 5.594 ;
; B6         ; SUM7        ; 4.960 ; 5.018 ; 5.663 ; 5.721 ;
; B6         ; SUM8        ; 5.369 ; 5.475 ; 6.072 ; 6.178 ;
; B7         ; C4          ; 4.844 ; 4.928 ; 5.489 ; 5.592 ;
; B7         ; SUM7        ; 4.515 ; 4.568 ; 5.161 ; 5.234 ;
; B7         ; SUM8        ; 4.922 ; 5.028 ; 5.567 ; 5.673 ;
; B8         ; C4          ; 5.093 ; 5.177 ; 5.794 ; 5.871 ;
; B8         ; SUM8        ; 5.163 ; 5.282 ; 5.864 ; 5.983 ;
+------------+-------------+-------+-------+-------+-------+


---------------------------------------------
; Fast 1200mV 0C Model Metastability Report ;
---------------------------------------------
No synchronizer chains to report.


+----------------------------------------------------------------------------+
; Multicorner Timing Analysis Summary                                        ;
+------------------+-------+------+----------+---------+---------------------+
; Clock            ; Setup ; Hold ; Recovery ; Removal ; Minimum Pulse Width ;
+------------------+-------+------+----------+---------+---------------------+
; Worst-case Slack ; N/A   ; N/A  ; N/A      ; N/A     ; N/A                 ;
; Design-wide TNS  ; 0.0   ; 0.0  ; 0.0      ; 0.0     ; 0.0                 ;
+------------------+-------+------+----------+---------+---------------------+


+--------------------------------------------------------------+
; Progagation Delay                                            ;
+------------+-------------+--------+--------+--------+--------+
; Input Port ; Output Port ; RR     ; RF     ; FR     ; FF     ;
+------------+-------------+--------+--------+--------+--------+
; A1         ; C4          ; 14.726 ; 14.015 ; 14.456 ; 14.878 ;
; A1         ; SUM1        ; 9.871  ; 9.654  ; 10.157 ; 9.983  ;
; A1         ; SUM3        ; 10.195 ; 10.054 ; 10.530 ; 10.323 ;
; A1         ; SUM4        ; 12.452 ; 12.436 ; 12.831 ; 12.767 ;
; A1         ; SUM5        ; 12.401 ; 12.253 ; 12.804 ; 12.590 ;
; A1         ; SUM6        ; 13.499 ; 13.288 ; 13.898 ; 13.709 ;
; A1         ; SUM7        ; 13.885 ; 13.654 ; 14.287 ; 14.049 ;
; A1         ; SUM8        ; 14.714 ; 14.595 ; 15.088 ; 15.012 ;
; A2         ; C4          ; 14.489 ;        ;        ; 14.599 ;
; A2         ; SUM2        ; 9.560  ; 9.359  ; 9.828  ; 9.620  ;
; A2         ; SUM3        ; 9.958  ; 9.817  ; 10.251 ; 10.044 ;
; A2         ; SUM4        ; 12.215 ; 12.199 ; 12.552 ; 12.488 ;
; A2         ; SUM5        ; 12.164 ; 12.016 ; 12.525 ; 12.311 ;
; A2         ; SUM6        ; 13.262 ; 13.051 ; 13.619 ; 13.430 ;
; A2         ; SUM7        ; 13.648 ; 13.417 ; 14.008 ; 13.770 ;
; A2         ; SUM8        ; 14.477 ; 14.358 ; 14.809 ; 14.733 ;
; A3         ; C4          ; 14.367 ;        ;        ; 14.498 ;
; A3         ; SUM3        ; 9.818  ; 9.631  ; 10.108 ; 9.964  ;
; A3         ; SUM4        ; 12.093 ; 12.077 ; 12.451 ; 12.387 ;
; A3         ; SUM5        ; 12.042 ; 11.894 ; 12.424 ; 12.210 ;
; A3         ; SUM6        ; 13.140 ; 12.929 ; 13.518 ; 13.329 ;
; A3         ; SUM7        ; 13.526 ; 13.295 ; 13.907 ; 13.669 ;
; A3         ; SUM8        ; 14.355 ; 14.236 ; 14.708 ; 14.632 ;
; A4         ; C4          ; 13.710 ;        ;        ; 13.786 ;
; A4         ; SUM4        ; 11.412 ; 11.354 ; 11.703 ; 11.688 ;
; A4         ; SUM5        ; 11.385 ; 11.237 ; 11.712 ; 11.498 ;
; A4         ; SUM6        ; 12.483 ; 12.272 ; 12.806 ; 12.617 ;
; A4         ; SUM7        ; 12.869 ; 12.638 ; 13.195 ; 12.957 ;
; A4         ; SUM8        ; 13.698 ; 13.579 ; 13.996 ; 13.920 ;
; A5         ; C4          ; 11.662 ;        ;        ; 11.679 ;
; A5         ; SUM5        ; 9.321  ; 9.127  ; 9.612  ; 9.411  ;
; A5         ; SUM6        ; 10.436 ; 10.224 ; 10.703 ; 10.517 ;
; A5         ; SUM7        ; 10.821 ; 10.590 ; 11.088 ; 10.850 ;
; A5         ; SUM8        ; 11.650 ; 11.531 ; 11.889 ; 11.813 ;
; A6         ; C4          ; 11.118 ;        ;        ; 11.138 ;
; A6         ; SUM6        ; 9.873  ; 9.650  ; 10.109 ; 9.929  ;
; A6         ; SUM7        ; 10.277 ; 10.046 ; 10.547 ; 10.309 ;
; A6         ; SUM8        ; 11.106 ; 10.987 ; 11.348 ; 11.272 ;
; A7         ; C4          ; 10.941 ;        ;        ; 11.068 ;
; A7         ; SUM7        ; 9.948  ; 9.763  ; 10.260 ; 10.009 ;
; A7         ; SUM8        ; 10.950 ; 10.873 ; 11.306 ; 11.181 ;
; A8         ; C4          ; 9.597  ;        ;        ; 9.563  ;
; A8         ; SUM8        ; 9.585  ; 9.466  ; 9.823  ; 9.697  ;
; B1         ; SUM1        ; 10.401 ; 10.216 ; 10.659 ; 10.475 ;
; B2         ; C4          ; 14.883 ; 14.832 ; 15.249 ; 15.054 ;
; B2         ; SUM2        ; 10.020 ; 9.798  ; 10.278 ; 10.150 ;
; B2         ; SUM3        ; 10.484 ; 10.277 ; 10.718 ; 10.577 ;
; B2         ; SUM4        ; 12.785 ; 12.721 ; 13.007 ; 12.959 ;
; B2         ; SUM5        ; 12.758 ; 12.544 ; 12.980 ; 12.776 ;
; B2         ; SUM6        ; 13.852 ; 13.663 ; 14.074 ; 13.885 ;
; B2         ; SUM7        ; 14.241 ; 14.003 ; 14.463 ; 14.225 ;
; B2         ; SUM8        ; 15.042 ; 14.966 ; 15.264 ; 15.188 ;
; B3         ; C4          ; 14.257 ; 14.056 ; 14.601 ; 14.393 ;
; B3         ; SUM3        ; 9.708  ; 9.521  ; 10.052 ; 9.858  ;
; B3         ; SUM4        ; 12.009 ; 11.967 ; 12.346 ; 12.311 ;
; B3         ; SUM5        ; 11.982 ; 11.784 ; 12.319 ; 12.128 ;
; B3         ; SUM6        ; 13.076 ; 12.887 ; 13.413 ; 13.224 ;
; B3         ; SUM7        ; 13.465 ; 13.227 ; 13.802 ; 13.564 ;
; B3         ; SUM8        ; 14.266 ; 14.190 ; 14.603 ; 14.527 ;
; B4         ; C4          ; 14.489 ; 14.281 ; 14.779 ; 14.614 ;
; B4         ; SUM4        ; 12.238 ; 12.195 ; 12.571 ; 12.493 ;
; B4         ; SUM5        ; 12.207 ; 12.016 ; 12.540 ; 12.326 ;
; B4         ; SUM6        ; 13.301 ; 13.112 ; 13.634 ; 13.445 ;
; B4         ; SUM7        ; 13.690 ; 13.452 ; 14.023 ; 13.785 ;
; B4         ; SUM8        ; 14.491 ; 14.415 ; 14.824 ; 14.748 ;
; B5         ; C4          ; 12.079 ; 11.817 ; 12.335 ; 12.116 ;
; B5         ; SUM5        ; 9.738  ; 9.544  ; 9.994  ; 9.843  ;
; B5         ; SUM6        ; 10.855 ; 10.655 ; 11.140 ; 10.954 ;
; B5         ; SUM7        ; 11.238 ; 11.007 ; 11.525 ; 11.287 ;
; B5         ; SUM8        ; 12.067 ; 11.951 ; 12.326 ; 12.250 ;
; B6         ; C4          ; 11.851 ; 11.576 ; 12.208 ; 11.926 ;
; B6         ; SUM6        ; 10.615 ; 10.392 ; 10.972 ; 10.749 ;
; B6         ; SUM7        ; 11.010 ; 10.779 ; 11.367 ; 11.136 ;
; B6         ; SUM8        ; 11.839 ; 11.720 ; 12.196 ; 12.077 ;
; B7         ; C4          ; 10.943 ; 10.741 ; 11.263 ; 11.104 ;
; B7         ; SUM7        ; 9.934  ; 9.703  ; 10.254 ; 10.066 ;
; B7         ; SUM8        ; 10.979 ; 10.875 ; 11.342 ; 11.217 ;
; B8         ; C4          ; 11.406 ; 11.191 ; 11.722 ; 11.500 ;
; B8         ; SUM8        ; 11.442 ; 11.337 ; 11.751 ; 11.653 ;
+------------+-------------+--------+--------+--------+--------+


+----------------------------------------------------------+
; Minimum Progagation Delay                                ;
+------------+-------------+-------+-------+-------+-------+
; Input Port ; Output Port ; RR    ; RF    ; FR    ; FF    ;
+------------+-------------+-------+-------+-------+-------+
; A1         ; C4          ; 4.624 ; 4.704 ; 5.228 ; 5.327 ;
; A1         ; SUM1        ; 4.459 ; 4.556 ; 5.062 ; 5.179 ;
; A1         ; SUM3        ; 4.326 ; 4.405 ; 4.946 ; 5.006 ;
; A1         ; SUM4        ; 5.468 ; 5.604 ; 6.067 ; 6.205 ;
; A1         ; SUM5        ; 4.164 ; 4.216 ; 4.792 ; 4.825 ;
; A1         ; SUM6        ; 4.493 ; 4.558 ; 5.099 ; 5.165 ;
; A1         ; SUM7        ; 4.294 ; 4.360 ; 4.922 ; 4.969 ;
; A1         ; SUM8        ; 4.694 ; 4.813 ; 5.298 ; 5.417 ;
; A2         ; C4          ; 6.189 ;       ;       ; 7.069 ;
; A2         ; SUM2        ; 4.341 ; 4.434 ; 4.936 ; 5.022 ;
; A2         ; SUM3        ; 4.453 ; 4.532 ; 5.077 ; 5.138 ;
; A2         ; SUM4        ; 5.696 ; 5.838 ; 6.351 ; 6.491 ;
; A2         ; SUM5        ; 5.303 ; 5.355 ; 6.068 ; 6.102 ;
; A2         ; SUM6        ; 5.716 ; 5.783 ; 6.499 ; 6.555 ;
; A2         ; SUM7        ; 5.858 ; 5.916 ; 6.656 ; 6.707 ;
; A2         ; SUM8        ; 6.267 ; 6.373 ; 7.070 ; 7.196 ;
; A3         ; C4          ; 6.064 ;       ;       ; 6.958 ;
; A3         ; SUM3        ; 4.459 ; 4.525 ; 5.079 ; 5.165 ;
; A3         ; SUM4        ; 5.579 ; 5.717 ; 6.236 ; 6.367 ;
; A3         ; SUM5        ; 5.178 ; 5.230 ; 5.957 ; 5.991 ;
; A3         ; SUM6        ; 5.591 ; 5.658 ; 6.388 ; 6.444 ;
; A3         ; SUM7        ; 5.733 ; 5.791 ; 6.545 ; 6.596 ;
; A3         ; SUM8        ; 6.142 ; 6.248 ; 6.959 ; 7.085 ;
; A4         ; C4          ; 5.954 ;       ;       ; 6.843 ;
; A4         ; SUM4        ; 5.462 ; 5.595 ; 6.093 ; 6.246 ;
; A4         ; SUM5        ; 5.068 ; 5.120 ; 5.842 ; 5.876 ;
; A4         ; SUM6        ; 5.481 ; 5.548 ; 6.273 ; 6.329 ;
; A4         ; SUM7        ; 5.623 ; 5.681 ; 6.430 ; 6.481 ;
; A4         ; SUM8        ; 6.032 ; 6.138 ; 6.844 ; 6.970 ;
; A5         ; C4          ; 5.121 ;       ;       ; 5.877 ;
; A5         ; SUM5        ; 4.242 ; 4.286 ; 4.876 ; 4.913 ;
; A5         ; SUM6        ; 4.654 ; 4.720 ; 5.311 ; 5.367 ;
; A5         ; SUM7        ; 4.790 ; 4.848 ; 5.464 ; 5.515 ;
; A5         ; SUM8        ; 5.199 ; 5.305 ; 5.878 ; 6.004 ;
; A6         ; C4          ; 4.967 ;       ;       ; 5.710 ;
; A6         ; SUM6        ; 4.492 ; 4.553 ; 5.115 ; 5.196 ;
; A6         ; SUM7        ; 4.636 ; 4.694 ; 5.297 ; 5.348 ;
; A6         ; SUM8        ; 5.045 ; 5.151 ; 5.711 ; 5.837 ;
; A7         ; C4          ; 4.797 ;       ;       ; 5.523 ;
; A7         ; SUM7        ; 4.467 ; 4.533 ; 5.115 ; 5.163 ;
; A7         ; SUM8        ; 4.875 ; 4.981 ; 5.524 ; 5.650 ;
; A8         ; C4          ; 4.335 ;       ;       ; 4.980 ;
; A8         ; SUM8        ; 4.413 ; 4.524 ; 5.003 ; 5.107 ;
; B1         ; SUM1        ; 4.634 ; 4.742 ; 5.272 ; 5.363 ;
; B2         ; C4          ; 6.358 ; 6.677 ; 7.007 ; 7.269 ;
; B2         ; SUM2        ; 4.530 ; 4.607 ; 5.135 ; 5.238 ;
; B2         ; SUM3        ; 4.622 ; 4.701 ; 5.271 ; 5.338 ;
; B2         ; SUM4        ; 5.865 ; 6.007 ; 6.514 ; 6.656 ;
; B2         ; SUM5        ; 5.472 ; 5.524 ; 6.121 ; 6.173 ;
; B2         ; SUM6        ; 5.885 ; 5.952 ; 6.534 ; 6.601 ;
; B2         ; SUM7        ; 6.027 ; 6.085 ; 6.676 ; 6.734 ;
; B2         ; SUM8        ; 6.436 ; 6.542 ; 7.085 ; 7.191 ;
; B3         ; C4          ; 6.088 ; 6.346 ; 6.756 ; 7.007 ;
; B3         ; SUM3        ; 4.483 ; 4.554 ; 5.151 ; 5.215 ;
; B3         ; SUM4        ; 5.603 ; 5.741 ; 6.271 ; 6.409 ;
; B3         ; SUM5        ; 5.202 ; 5.254 ; 5.870 ; 5.922 ;
; B3         ; SUM6        ; 5.615 ; 5.682 ; 6.283 ; 6.350 ;
; B3         ; SUM7        ; 5.757 ; 5.815 ; 6.425 ; 6.483 ;
; B3         ; SUM8        ; 6.166 ; 6.272 ; 6.834 ; 6.940 ;
; B4         ; C4          ; 6.226 ; 6.492 ; 6.860 ; 7.146 ;
; B4         ; SUM4        ; 5.733 ; 5.878 ; 6.367 ; 6.512 ;
; B4         ; SUM5        ; 5.340 ; 5.392 ; 5.974 ; 6.026 ;
; B4         ; SUM6        ; 5.753 ; 5.820 ; 6.387 ; 6.454 ;
; B4         ; SUM7        ; 5.895 ; 5.953 ; 6.529 ; 6.587 ;
; B4         ; SUM8        ; 6.304 ; 6.410 ; 6.938 ; 7.044 ;
; B5         ; C4          ; 5.289 ; 5.413 ; 5.924 ; 6.068 ;
; B5         ; SUM5        ; 4.406 ; 4.445 ; 5.041 ; 5.100 ;
; B5         ; SUM6        ; 4.819 ; 4.886 ; 5.455 ; 5.522 ;
; B5         ; SUM7        ; 4.958 ; 5.016 ; 5.593 ; 5.651 ;
; B5         ; SUM8        ; 5.367 ; 5.473 ; 6.002 ; 6.108 ;
; B6         ; C4          ; 5.291 ; 5.410 ; 5.994 ; 6.106 ;
; B6         ; SUM6        ; 4.825 ; 4.891 ; 5.528 ; 5.594 ;
; B6         ; SUM7        ; 4.960 ; 5.018 ; 5.663 ; 5.721 ;
; B6         ; SUM8        ; 5.369 ; 5.475 ; 6.072 ; 6.178 ;
; B7         ; C4          ; 4.844 ; 4.928 ; 5.489 ; 5.592 ;
; B7         ; SUM7        ; 4.515 ; 4.568 ; 5.161 ; 5.234 ;
; B7         ; SUM8        ; 4.922 ; 5.028 ; 5.567 ; 5.673 ;
; B8         ; C4          ; 5.093 ; 5.177 ; 5.794 ; 5.871 ;
; B8         ; SUM8        ; 5.163 ; 5.282 ; 5.864 ; 5.983 ;
+------------+-------------+-------+-------+-------+-------+


+------------------------------------------------------------------------------------------------------------------------------------------------------------------------------------------------------------------------------------------------------------------------------------------------------------------------------------------------------------------------------------------------------------------+
; Board Trace Model Assignments                                                                                                                                                                                                                                                                                                                                                                                    ;
+---------------+--------------+-------------------+-------------------------+-------------------------+---------------+---------------------+----------------+------------------+--------+------------------+------------------------+------------------------+--------------+---------------+-----------------+-------+---------------------+--------------------+---------------+-----------------+-------------+
; Pin           ; I/O Standard ; Near Tline Length ; Near Tline L per Length ; Near Tline C per Length ; Near Series R ; Near Differential R ; Near Pull-up R ; Near Pull-down R ; Near C ; Far Tline Length ; Far Tline L per Length ; Far Tline C per Length ; Far Series R ; Far Pull-up R ; Far Pull-down R ; Far C ; Termination Voltage ; Far Differential R ; EBD File Name ; EBD Signal Name ; EBD Far-end ;
+---------------+--------------+-------------------+-------------------------+-------------------------+---------------+---------------------+----------------+------------------+--------+------------------+------------------------+------------------------+--------------+---------------+-----------------+-------+---------------------+--------------------+---------------+-----------------+-------------+
; C4            ; 2.5 V        ; 0 in              ; 0 H/in                  ; 0 F/in                  ; short         ; -                   ; open           ; open             ; open   ; 0 in             ; 0 H/in                 ; 0 F/in                 ; short        ; open          ; open            ; open  ; 0 V                 ; -                  ; n/a           ; n/a             ; n/a         ;
; SUM8          ; 2.5 V        ; 0 in              ; 0 H/in                  ; 0 F/in                  ; short         ; -                   ; open           ; open             ; open   ; 0 in             ; 0 H/in                 ; 0 F/in                 ; short        ; open          ; open            ; open  ; 0 V                 ; -                  ; n/a           ; n/a             ; n/a         ;
; SUM7          ; 2.5 V        ; 0 in              ; 0 H/in                  ; 0 F/in                  ; short         ; -                   ; open           ; open             ; open   ; 0 in             ; 0 H/in                 ; 0 F/in                 ; short        ; open          ; open            ; open  ; 0 V                 ; -                  ; n/a           ; n/a             ; n/a         ;
; SUM6          ; 2.5 V        ; 0 in              ; 0 H/in                  ; 0 F/in                  ; short         ; -                   ; open           ; open             ; open   ; 0 in             ; 0 H/in                 ; 0 F/in                 ; short        ; open          ; open            ; open  ; 0 V                 ; -                  ; n/a           ; n/a             ; n/a         ;
; SUM5          ; 2.5 V        ; 0 in              ; 0 H/in                  ; 0 F/in                  ; short         ; -                   ; open           ; open             ; open   ; 0 in             ; 0 H/in                 ; 0 F/in                 ; short        ; open          ; open            ; open  ; 0 V                 ; -                  ; n/a           ; n/a             ; n/a         ;
; SUM4          ; 2.5 V        ; 0 in              ; 0 H/in                  ; 0 F/in                  ; short         ; -                   ; open           ; open             ; open   ; 0 in             ; 0 H/in                 ; 0 F/in                 ; short        ; open          ; open            ; open  ; 0 V                 ; -                  ; n/a           ; n/a             ; n/a         ;
; SUM3          ; 2.5 V        ; 0 in              ; 0 H/in                  ; 0 F/in                  ; short         ; -                   ; open           ; open             ; open   ; 0 in             ; 0 H/in                 ; 0 F/in                 ; short        ; open          ; open            ; open  ; 0 V                 ; -                  ; n/a           ; n/a             ; n/a         ;
; SUM2          ; 2.5 V        ; 0 in              ; 0 H/in                  ; 0 F/in                  ; short         ; -                   ; open           ; open             ; open   ; 0 in             ; 0 H/in                 ; 0 F/in                 ; short        ; open          ; open            ; open  ; 0 V                 ; -                  ; n/a           ; n/a             ; n/a         ;
; SUM1          ; 2.5 V        ; 0 in              ; 0 H/in                  ; 0 F/in                  ; short         ; -                   ; open           ; open             ; open   ; 0 in             ; 0 H/in                 ; 0 F/in                 ; short        ; open          ; open            ; open  ; 0 V                 ; -                  ; n/a           ; n/a             ; n/a         ;
; ~ALTERA_DCLK~ ; 2.5 V        ; 0 in              ; 0 H/in                  ; 0 F/in                  ; short         ; -                   ; open           ; open             ; open   ; 0 in             ; 0 H/in                 ; 0 F/in                 ; short        ; open          ; open            ; open  ; 0 V                 ; -                  ; n/a           ; n/a             ; n/a         ;
; ~ALTERA_nCEO~ ; 2.5 V        ; 0 in              ; 0 H/in                  ; 0 F/in                  ; short         ; -                   ; open           ; open             ; open   ; 0 in             ; 0 H/in                 ; 0 F/in                 ; short        ; open          ; open            ; open  ; 0 V                 ; -                  ; n/a           ; n/a             ; n/a         ;
+---------------+--------------+-------------------+-------------------------+-------------------------+---------------+---------------------+----------------+------------------+--------+------------------+------------------------+------------------------+--------------+---------------+-----------------+-------+---------------------+--------------------+---------------+-----------------+-------------+


+----------------------------------------------------------------------------+
; Input Transition Times                                                     ;
+-------------------------+--------------+-----------------+-----------------+
; Pin                     ; I/O Standard ; 10-90 Rise Time ; 90-10 Fall Time ;
+-------------------------+--------------+-----------------+-----------------+
; A8                      ; 2.5 V        ; 2000 ps         ; 2000 ps         ;
; A1                      ; 2.5 V        ; 2000 ps         ; 2000 ps         ;
; B8                      ; 2.5 V        ; 2000 ps         ; 2000 ps         ;
; A6                      ; 2.5 V        ; 2000 ps         ; 2000 ps         ;
; B6                      ; 2.5 V        ; 2000 ps         ; 2000 ps         ;
; A4                      ; 2.5 V        ; 2000 ps         ; 2000 ps         ;
; B4                      ; 2.5 V        ; 2000 ps         ; 2000 ps         ;
; A3                      ; 2.5 V        ; 2000 ps         ; 2000 ps         ;
; B3                      ; 2.5 V        ; 2000 ps         ; 2000 ps         ;
; A2                      ; 2.5 V        ; 2000 ps         ; 2000 ps         ;
; B2                      ; 2.5 V        ; 2000 ps         ; 2000 ps         ;
; A5                      ; 2.5 V        ; 2000 ps         ; 2000 ps         ;
; B5                      ; 2.5 V        ; 2000 ps         ; 2000 ps         ;
; A7                      ; 2.5 V        ; 2000 ps         ; 2000 ps         ;
; B7                      ; 2.5 V        ; 2000 ps         ; 2000 ps         ;
; B1                      ; 2.5 V        ; 2000 ps         ; 2000 ps         ;
; ~ALTERA_ASDO_DATA1~     ; 2.5 V        ; 2000 ps         ; 2000 ps         ;
; ~ALTERA_FLASH_nCE_nCSO~ ; 2.5 V        ; 2000 ps         ; 2000 ps         ;
; ~ALTERA_DATA0~          ; 2.5 V        ; 2000 ps         ; 2000 ps         ;
+-------------------------+--------------+-----------------+-----------------+


+--------------------------------------------------------------------------------------------------------------------------------------------------------------------------------------------------------------------------------------------------------------------------------------------------------------------------------------------------------------------------------------------------------------------------------------------------------------------------------------------------------------------------------------------------------------------------------------------------------------------------------------------------------------------------------------------+
; Signal Integrity Metrics (Slow 1200mv 0c Model)                                                                                                                                                                                                                                                                                                                                                                                                                                                                                                                                                                                                                                            ;
+---------------+--------------+---------------------+---------------------+------------------------------+------------------------------+---------------------+---------------------+--------------------------------------+--------------------------------------+-----------------------------+-----------------------------+----------------------------+----------------------------+-----------------------------+-----------------------------+--------------------+--------------------+-------------------------------------+-------------------------------------+----------------------------+----------------------------+---------------------------+---------------------------+
; Pin           ; I/O Standard ; Board Delay on Rise ; Board Delay on Fall ; Steady State Voh at FPGA Pin ; Steady State Vol at FPGA Pin ; Voh Max at FPGA Pin ; Vol Min at FPGA Pin ; Ringback Voltage on Rise at FPGA Pin ; Ringback Voltage on Fall at FPGA Pin ; 10-90 Rise Time at FPGA Pin ; 90-10 Fall Time at FPGA Pin ; Monotonic Rise at FPGA Pin ; Monotonic Fall at FPGA Pin ; Steady State Voh at Far-end ; Steady State Vol at Far-end ; Voh Max at Far-end ; Vol Min at Far-end ; Ringback Voltage on Rise at Far-end ; Ringback Voltage on Fall at Far-end ; 10-90 Rise Time at Far-end ; 90-10 Fall Time at Far-end ; Monotonic Rise at Far-end ; Monotonic Fall at Far-end ;
+---------------+--------------+---------------------+---------------------+------------------------------+------------------------------+---------------------+---------------------+--------------------------------------+--------------------------------------+-----------------------------+-----------------------------+----------------------------+----------------------------+-----------------------------+-----------------------------+--------------------+--------------------+-------------------------------------+-------------------------------------+----------------------------+----------------------------+---------------------------+---------------------------+
; C4            ; 2.5 V        ; 0 s                 ; 0 s                 ; 2.32 V                       ; 2.8e-09 V                    ; 2.37 V              ; -0.00373 V          ; 0.104 V                              ; 0.011 V                              ; 4.34e-10 s                  ; 3.82e-10 s                  ; Yes                        ; Yes                        ; 2.32 V                      ; 2.8e-09 V                   ; 2.37 V             ; -0.00373 V         ; 0.104 V                             ; 0.011 V                             ; 4.34e-10 s                 ; 3.82e-10 s                 ; Yes                       ; Yes                       ;
; SUM8          ; 2.5 V        ; 0 s                 ; 0 s                 ; 2.32 V                       ; 2.8e-09 V                    ; 2.37 V              ; -0.00373 V          ; 0.104 V                              ; 0.011 V                              ; 4.34e-10 s                  ; 3.82e-10 s                  ; Yes                        ; Yes                        ; 2.32 V                      ; 2.8e-09 V                   ; 2.37 V             ; -0.00373 V         ; 0.104 V                             ; 0.011 V                             ; 4.34e-10 s                 ; 3.82e-10 s                 ; Yes                       ; Yes                       ;
; SUM7          ; 2.5 V        ; 0 s                 ; 0 s                 ; 2.32 V                       ; 2.8e-09 V                    ; 2.37 V              ; -0.00373 V          ; 0.104 V                              ; 0.011 V                              ; 4.34e-10 s                  ; 3.82e-10 s                  ; Yes                        ; Yes                        ; 2.32 V                      ; 2.8e-09 V                   ; 2.37 V             ; -0.00373 V         ; 0.104 V                             ; 0.011 V                             ; 4.34e-10 s                 ; 3.82e-10 s                 ; Yes                       ; Yes                       ;
; SUM6          ; 2.5 V        ; 0 s                 ; 0 s                 ; 2.32 V                       ; 2.8e-09 V                    ; 2.37 V              ; -0.00373 V          ; 0.104 V                              ; 0.011 V                              ; 4.34e-10 s                  ; 3.82e-10 s                  ; Yes                        ; Yes                        ; 2.32 V                      ; 2.8e-09 V                   ; 2.37 V             ; -0.00373 V         ; 0.104 V                             ; 0.011 V                             ; 4.34e-10 s                 ; 3.82e-10 s                 ; Yes                       ; Yes                       ;
; SUM5          ; 2.5 V        ; 0 s                 ; 0 s                 ; 2.32 V                       ; 2.8e-09 V                    ; 2.37 V              ; -0.00373 V          ; 0.104 V                              ; 0.011 V                              ; 4.34e-10 s                  ; 3.82e-10 s                  ; Yes                        ; Yes                        ; 2.32 V                      ; 2.8e-09 V                   ; 2.37 V             ; -0.00373 V         ; 0.104 V                             ; 0.011 V                             ; 4.34e-10 s                 ; 3.82e-10 s                 ; Yes                       ; Yes                       ;
; SUM4          ; 2.5 V        ; 0 s                 ; 0 s                 ; 2.32 V                       ; 2.8e-09 V                    ; 2.33 V              ; -0.00425 V          ; 0.168 V                              ; 0.058 V                              ; 3.12e-09 s                  ; 2.87e-09 s                  ; Yes                        ; Yes                        ; 2.32 V                      ; 2.8e-09 V                   ; 2.33 V             ; -0.00425 V         ; 0.168 V                             ; 0.058 V                             ; 3.12e-09 s                 ; 2.87e-09 s                 ; Yes                       ; Yes                       ;
; SUM3          ; 2.5 V        ; 0 s                 ; 0 s                 ; 2.32 V                       ; 2.8e-09 V                    ; 2.37 V              ; -0.00373 V          ; 0.104 V                              ; 0.011 V                              ; 4.34e-10 s                  ; 3.82e-10 s                  ; Yes                        ; Yes                        ; 2.32 V                      ; 2.8e-09 V                   ; 2.37 V             ; -0.00373 V         ; 0.104 V                             ; 0.011 V                             ; 4.34e-10 s                 ; 3.82e-10 s                 ; Yes                       ; Yes                       ;
; SUM2          ; 2.5 V        ; 0 s                 ; 0 s                 ; 2.32 V                       ; 2.8e-09 V                    ; 2.37 V              ; -0.00373 V          ; 0.104 V                              ; 0.011 V                              ; 4.34e-10 s                  ; 3.82e-10 s                  ; Yes                        ; Yes                        ; 2.32 V                      ; 2.8e-09 V                   ; 2.37 V             ; -0.00373 V         ; 0.104 V                             ; 0.011 V                             ; 4.34e-10 s                 ; 3.82e-10 s                 ; Yes                       ; Yes                       ;
; SUM1          ; 2.5 V        ; 0 s                 ; 0 s                 ; 2.32 V                       ; 2.8e-09 V                    ; 2.37 V              ; -0.00373 V          ; 0.104 V                              ; 0.011 V                              ; 4.34e-10 s                  ; 3.82e-10 s                  ; Yes                        ; Yes                        ; 2.32 V                      ; 2.8e-09 V                   ; 2.37 V             ; -0.00373 V         ; 0.104 V                             ; 0.011 V                             ; 4.34e-10 s                 ; 3.82e-10 s                 ; Yes                       ; Yes                       ;
; ~ALTERA_DCLK~ ; 2.5 V        ; 0 s                 ; 0 s                 ; 2.32 V                       ; 1.74e-09 V                   ; 2.37 V              ; -0.0346 V           ; 0.198 V                              ; 0.094 V                              ; 3.14e-10 s                  ; 2.92e-10 s                  ; Yes                        ; Yes                        ; 2.32 V                      ; 1.74e-09 V                  ; 2.37 V             ; -0.0346 V          ; 0.198 V                             ; 0.094 V                             ; 3.14e-10 s                 ; 2.92e-10 s                 ; Yes                       ; Yes                       ;
; ~ALTERA_nCEO~ ; 2.5 V        ; 0 s                 ; 0 s                 ; 2.32 V                       ; 2.57e-09 V                   ; 2.37 V              ; -0.00683 V          ; 0.171 V                              ; 0.018 V                              ; 4.97e-10 s                  ; 6.66e-10 s                  ; Yes                        ; Yes                        ; 2.32 V                      ; 2.57e-09 V                  ; 2.37 V             ; -0.00683 V         ; 0.171 V                             ; 0.018 V                             ; 4.97e-10 s                 ; 6.66e-10 s                 ; Yes                       ; Yes                       ;
+---------------+--------------+---------------------+---------------------+------------------------------+------------------------------+---------------------+---------------------+--------------------------------------+--------------------------------------+-----------------------------+-----------------------------+----------------------------+----------------------------+-----------------------------+-----------------------------+--------------------+--------------------+-------------------------------------+-------------------------------------+----------------------------+----------------------------+---------------------------+---------------------------+


+--------------------------------------------------------------------------------------------------------------------------------------------------------------------------------------------------------------------------------------------------------------------------------------------------------------------------------------------------------------------------------------------------------------------------------------------------------------------------------------------------------------------------------------------------------------------------------------------------------------------------------------------------------------------------------------------+
; Signal Integrity Metrics (Slow 1200mv 85c Model)                                                                                                                                                                                                                                                                                                                                                                                                                                                                                                                                                                                                                                           ;
+---------------+--------------+---------------------+---------------------+------------------------------+------------------------------+---------------------+---------------------+--------------------------------------+--------------------------------------+-----------------------------+-----------------------------+----------------------------+----------------------------+-----------------------------+-----------------------------+--------------------+--------------------+-------------------------------------+-------------------------------------+----------------------------+----------------------------+---------------------------+---------------------------+
; Pin           ; I/O Standard ; Board Delay on Rise ; Board Delay on Fall ; Steady State Voh at FPGA Pin ; Steady State Vol at FPGA Pin ; Voh Max at FPGA Pin ; Vol Min at FPGA Pin ; Ringback Voltage on Rise at FPGA Pin ; Ringback Voltage on Fall at FPGA Pin ; 10-90 Rise Time at FPGA Pin ; 90-10 Fall Time at FPGA Pin ; Monotonic Rise at FPGA Pin ; Monotonic Fall at FPGA Pin ; Steady State Voh at Far-end ; Steady State Vol at Far-end ; Voh Max at Far-end ; Vol Min at Far-end ; Ringback Voltage on Rise at Far-end ; Ringback Voltage on Fall at Far-end ; 10-90 Rise Time at Far-end ; 90-10 Fall Time at Far-end ; Monotonic Rise at Far-end ; Monotonic Fall at Far-end ;
+---------------+--------------+---------------------+---------------------+------------------------------+------------------------------+---------------------+---------------------+--------------------------------------+--------------------------------------+-----------------------------+-----------------------------+----------------------------+----------------------------+-----------------------------+-----------------------------+--------------------+--------------------+-------------------------------------+-------------------------------------+----------------------------+----------------------------+---------------------------+---------------------------+
; C4            ; 2.5 V        ; 0 s                 ; 0 s                 ; 2.32 V                       ; 2.85e-07 V                   ; 2.35 V              ; -0.0123 V           ; 0.144 V                              ; 0.042 V                              ; 4.81e-10 s                  ; 4.81e-10 s                  ; Yes                        ; Yes                        ; 2.32 V                      ; 2.85e-07 V                  ; 2.35 V             ; -0.0123 V          ; 0.144 V                             ; 0.042 V                             ; 4.81e-10 s                 ; 4.81e-10 s                 ; Yes                       ; Yes                       ;
; SUM8          ; 2.5 V        ; 0 s                 ; 0 s                 ; 2.32 V                       ; 2.85e-07 V                   ; 2.35 V              ; -0.0123 V           ; 0.144 V                              ; 0.042 V                              ; 4.81e-10 s                  ; 4.81e-10 s                  ; Yes                        ; Yes                        ; 2.32 V                      ; 2.85e-07 V                  ; 2.35 V             ; -0.0123 V          ; 0.144 V                             ; 0.042 V                             ; 4.81e-10 s                 ; 4.81e-10 s                 ; Yes                       ; Yes                       ;
; SUM7          ; 2.5 V        ; 0 s                 ; 0 s                 ; 2.32 V                       ; 2.85e-07 V                   ; 2.35 V              ; -0.0123 V           ; 0.144 V                              ; 0.042 V                              ; 4.81e-10 s                  ; 4.81e-10 s                  ; Yes                        ; Yes                        ; 2.32 V                      ; 2.85e-07 V                  ; 2.35 V             ; -0.0123 V          ; 0.144 V                             ; 0.042 V                             ; 4.81e-10 s                 ; 4.81e-10 s                 ; Yes                       ; Yes                       ;
; SUM6          ; 2.5 V        ; 0 s                 ; 0 s                 ; 2.32 V                       ; 2.85e-07 V                   ; 2.35 V              ; -0.0123 V           ; 0.144 V                              ; 0.042 V                              ; 4.81e-10 s                  ; 4.81e-10 s                  ; Yes                        ; Yes                        ; 2.32 V                      ; 2.85e-07 V                  ; 2.35 V             ; -0.0123 V          ; 0.144 V                             ; 0.042 V                             ; 4.81e-10 s                 ; 4.81e-10 s                 ; Yes                       ; Yes                       ;
; SUM5          ; 2.5 V        ; 0 s                 ; 0 s                 ; 2.32 V                       ; 2.85e-07 V                   ; 2.35 V              ; -0.0123 V           ; 0.144 V                              ; 0.042 V                              ; 4.81e-10 s                  ; 4.81e-10 s                  ; Yes                        ; Yes                        ; 2.32 V                      ; 2.85e-07 V                  ; 2.35 V             ; -0.0123 V          ; 0.144 V                             ; 0.042 V                             ; 4.81e-10 s                 ; 4.81e-10 s                 ; Yes                       ; Yes                       ;
; SUM4          ; 2.5 V        ; 0 s                 ; 0 s                 ; 2.32 V                       ; 2.85e-07 V                   ; 2.33 V              ; -0.00229 V          ; 0.111 V                              ; 0.057 V                              ; 3.78e-09 s                  ; 3.5e-09 s                   ; Yes                        ; Yes                        ; 2.32 V                      ; 2.85e-07 V                  ; 2.33 V             ; -0.00229 V         ; 0.111 V                             ; 0.057 V                             ; 3.78e-09 s                 ; 3.5e-09 s                  ; Yes                       ; Yes                       ;
; SUM3          ; 2.5 V        ; 0 s                 ; 0 s                 ; 2.32 V                       ; 2.85e-07 V                   ; 2.35 V              ; -0.0123 V           ; 0.144 V                              ; 0.042 V                              ; 4.81e-10 s                  ; 4.81e-10 s                  ; Yes                        ; Yes                        ; 2.32 V                      ; 2.85e-07 V                  ; 2.35 V             ; -0.0123 V          ; 0.144 V                             ; 0.042 V                             ; 4.81e-10 s                 ; 4.81e-10 s                 ; Yes                       ; Yes                       ;
; SUM2          ; 2.5 V        ; 0 s                 ; 0 s                 ; 2.32 V                       ; 2.85e-07 V                   ; 2.35 V              ; -0.0123 V           ; 0.144 V                              ; 0.042 V                              ; 4.81e-10 s                  ; 4.81e-10 s                  ; Yes                        ; Yes                        ; 2.32 V                      ; 2.85e-07 V                  ; 2.35 V             ; -0.0123 V          ; 0.144 V                             ; 0.042 V                             ; 4.81e-10 s                 ; 4.81e-10 s                 ; Yes                       ; Yes                       ;
; SUM1          ; 2.5 V        ; 0 s                 ; 0 s                 ; 2.32 V                       ; 2.85e-07 V                   ; 2.35 V              ; -0.0123 V           ; 0.144 V                              ; 0.042 V                              ; 4.81e-10 s                  ; 4.81e-10 s                  ; Yes                        ; Yes                        ; 2.32 V                      ; 2.85e-07 V                  ; 2.35 V             ; -0.0123 V          ; 0.144 V                             ; 0.042 V                             ; 4.81e-10 s                 ; 4.81e-10 s                 ; Yes                       ; Yes                       ;
; ~ALTERA_DCLK~ ; 2.5 V        ; 0 s                 ; 0 s                 ; 2.32 V                       ; 1.55e-07 V                   ; 2.35 V              ; -0.00221 V          ; 0.097 V                              ; 0.005 V                              ; 4.49e-10 s                  ; 3.85e-10 s                  ; Yes                        ; Yes                        ; 2.32 V                      ; 1.55e-07 V                  ; 2.35 V             ; -0.00221 V         ; 0.097 V                             ; 0.005 V                             ; 4.49e-10 s                 ; 3.85e-10 s                 ; Yes                       ; Yes                       ;
; ~ALTERA_nCEO~ ; 2.5 V        ; 0 s                 ; 0 s                 ; 2.32 V                       ; 2.54e-07 V                   ; 2.34 V              ; -0.00774 V          ; 0.109 V                              ; 0.026 V                              ; 6.58e-10 s                  ; 8.24e-10 s                  ; Yes                        ; Yes                        ; 2.32 V                      ; 2.54e-07 V                  ; 2.34 V             ; -0.00774 V         ; 0.109 V                             ; 0.026 V                             ; 6.58e-10 s                 ; 8.24e-10 s                 ; Yes                       ; Yes                       ;
+---------------+--------------+---------------------+---------------------+------------------------------+------------------------------+---------------------+---------------------+--------------------------------------+--------------------------------------+-----------------------------+-----------------------------+----------------------------+----------------------------+-----------------------------+-----------------------------+--------------------+--------------------+-------------------------------------+-------------------------------------+----------------------------+----------------------------+---------------------------+---------------------------+


+--------------------------------------------------------------------------------------------------------------------------------------------------------------------------------------------------------------------------------------------------------------------------------------------------------------------------------------------------------------------------------------------------------------------------------------------------------------------------------------------------------------------------------------------------------------------------------------------------------------------------------------------------------------------------------------------+
; Signal Integrity Metrics (Fast 1200mv 0c Model)                                                                                                                                                                                                                                                                                                                                                                                                                                                                                                                                                                                                                                            ;
+---------------+--------------+---------------------+---------------------+------------------------------+------------------------------+---------------------+---------------------+--------------------------------------+--------------------------------------+-----------------------------+-----------------------------+----------------------------+----------------------------+-----------------------------+-----------------------------+--------------------+--------------------+-------------------------------------+-------------------------------------+----------------------------+----------------------------+---------------------------+---------------------------+
; Pin           ; I/O Standard ; Board Delay on Rise ; Board Delay on Fall ; Steady State Voh at FPGA Pin ; Steady State Vol at FPGA Pin ; Voh Max at FPGA Pin ; Vol Min at FPGA Pin ; Ringback Voltage on Rise at FPGA Pin ; Ringback Voltage on Fall at FPGA Pin ; 10-90 Rise Time at FPGA Pin ; 90-10 Fall Time at FPGA Pin ; Monotonic Rise at FPGA Pin ; Monotonic Fall at FPGA Pin ; Steady State Voh at Far-end ; Steady State Vol at Far-end ; Voh Max at Far-end ; Vol Min at Far-end ; Ringback Voltage on Rise at Far-end ; Ringback Voltage on Fall at Far-end ; 10-90 Rise Time at Far-end ; 90-10 Fall Time at Far-end ; Monotonic Rise at Far-end ; Monotonic Fall at Far-end ;
+---------------+--------------+---------------------+---------------------+------------------------------+------------------------------+---------------------+---------------------+--------------------------------------+--------------------------------------+-----------------------------+-----------------------------+----------------------------+----------------------------+-----------------------------+-----------------------------+--------------------+--------------------+-------------------------------------+-------------------------------------+----------------------------+----------------------------+---------------------------+---------------------------+
; C4            ; 2.5 V        ; 0 s                 ; 0 s                 ; 2.62 V                       ; 4.05e-08 V                   ; 2.72 V              ; -0.0349 V           ; 0.173 V                              ; 0.1 V                                ; 2.72e-10 s                  ; 2.69e-10 s                  ; Yes                        ; Yes                        ; 2.62 V                      ; 4.05e-08 V                  ; 2.72 V             ; -0.0349 V          ; 0.173 V                             ; 0.1 V                               ; 2.72e-10 s                 ; 2.69e-10 s                 ; Yes                       ; Yes                       ;
; SUM8          ; 2.5 V        ; 0 s                 ; 0 s                 ; 2.62 V                       ; 4.05e-08 V                   ; 2.72 V              ; -0.0349 V           ; 0.173 V                              ; 0.1 V                                ; 2.72e-10 s                  ; 2.69e-10 s                  ; Yes                        ; Yes                        ; 2.62 V                      ; 4.05e-08 V                  ; 2.72 V             ; -0.0349 V          ; 0.173 V                             ; 0.1 V                               ; 2.72e-10 s                 ; 2.69e-10 s                 ; Yes                       ; Yes                       ;
; SUM7          ; 2.5 V        ; 0 s                 ; 0 s                 ; 2.62 V                       ; 4.05e-08 V                   ; 2.72 V              ; -0.0349 V           ; 0.173 V                              ; 0.1 V                                ; 2.72e-10 s                  ; 2.69e-10 s                  ; Yes                        ; Yes                        ; 2.62 V                      ; 4.05e-08 V                  ; 2.72 V             ; -0.0349 V          ; 0.173 V                             ; 0.1 V                               ; 2.72e-10 s                 ; 2.69e-10 s                 ; Yes                       ; Yes                       ;
; SUM6          ; 2.5 V        ; 0 s                 ; 0 s                 ; 2.62 V                       ; 4.05e-08 V                   ; 2.72 V              ; -0.0349 V           ; 0.173 V                              ; 0.1 V                                ; 2.72e-10 s                  ; 2.69e-10 s                  ; Yes                        ; Yes                        ; 2.62 V                      ; 4.05e-08 V                  ; 2.72 V             ; -0.0349 V          ; 0.173 V                             ; 0.1 V                               ; 2.72e-10 s                 ; 2.69e-10 s                 ; Yes                       ; Yes                       ;
; SUM5          ; 2.5 V        ; 0 s                 ; 0 s                 ; 2.62 V                       ; 4.05e-08 V                   ; 2.72 V              ; -0.0349 V           ; 0.173 V                              ; 0.1 V                                ; 2.72e-10 s                  ; 2.69e-10 s                  ; Yes                        ; Yes                        ; 2.62 V                      ; 4.05e-08 V                  ; 2.72 V             ; -0.0349 V          ; 0.173 V                             ; 0.1 V                               ; 2.72e-10 s                 ; 2.69e-10 s                 ; Yes                       ; Yes                       ;
; SUM4          ; 2.5 V        ; 0 s                 ; 0 s                 ; 2.62 V                       ; 4.05e-08 V                   ; 2.64 V              ; -0.0113 V           ; 0.208 V                              ; 0.179 V                              ; 2.38e-09 s                  ; 2.23e-09 s                  ; No                         ; Yes                        ; 2.62 V                      ; 4.05e-08 V                  ; 2.64 V             ; -0.0113 V          ; 0.208 V                             ; 0.179 V                             ; 2.38e-09 s                 ; 2.23e-09 s                 ; No                        ; Yes                       ;
; SUM3          ; 2.5 V        ; 0 s                 ; 0 s                 ; 2.62 V                       ; 4.05e-08 V                   ; 2.72 V              ; -0.0349 V           ; 0.173 V                              ; 0.1 V                                ; 2.72e-10 s                  ; 2.69e-10 s                  ; Yes                        ; Yes                        ; 2.62 V                      ; 4.05e-08 V                  ; 2.72 V             ; -0.0349 V          ; 0.173 V                             ; 0.1 V                               ; 2.72e-10 s                 ; 2.69e-10 s                 ; Yes                       ; Yes                       ;
; SUM2          ; 2.5 V        ; 0 s                 ; 0 s                 ; 2.62 V                       ; 4.05e-08 V                   ; 2.72 V              ; -0.0349 V           ; 0.173 V                              ; 0.1 V                                ; 2.72e-10 s                  ; 2.69e-10 s                  ; Yes                        ; Yes                        ; 2.62 V                      ; 4.05e-08 V                  ; 2.72 V             ; -0.0349 V          ; 0.173 V                             ; 0.1 V                               ; 2.72e-10 s                 ; 2.69e-10 s                 ; Yes                       ; Yes                       ;
; SUM1          ; 2.5 V        ; 0 s                 ; 0 s                 ; 2.62 V                       ; 4.05e-08 V                   ; 2.72 V              ; -0.0349 V           ; 0.173 V                              ; 0.1 V                                ; 2.72e-10 s                  ; 2.69e-10 s                  ; Yes                        ; Yes                        ; 2.62 V                      ; 4.05e-08 V                  ; 2.72 V             ; -0.0349 V          ; 0.173 V                             ; 0.1 V                               ; 2.72e-10 s                 ; 2.69e-10 s                 ; Yes                       ; Yes                       ;
; ~ALTERA_DCLK~ ; 2.5 V        ; 0 s                 ; 0 s                 ; 2.62 V                       ; 2.22e-08 V                   ; 2.74 V              ; -0.06 V             ; 0.158 V                              ; 0.08 V                               ; 2.68e-10 s                  ; 2.19e-10 s                  ; Yes                        ; Yes                        ; 2.62 V                      ; 2.22e-08 V                  ; 2.74 V             ; -0.06 V            ; 0.158 V                             ; 0.08 V                              ; 2.68e-10 s                 ; 2.19e-10 s                 ; Yes                       ; Yes                       ;
; ~ALTERA_nCEO~ ; 2.5 V        ; 0 s                 ; 0 s                 ; 2.62 V                       ; 3.54e-08 V                   ; 2.7 V               ; -0.00943 V          ; 0.276 V                              ; 0.035 V                              ; 3.19e-10 s                  ; 4.99e-10 s                  ; No                         ; Yes                        ; 2.62 V                      ; 3.54e-08 V                  ; 2.7 V              ; -0.00943 V         ; 0.276 V                             ; 0.035 V                             ; 3.19e-10 s                 ; 4.99e-10 s                 ; No                        ; Yes                       ;
+---------------+--------------+---------------------+---------------------+------------------------------+------------------------------+---------------------+---------------------+--------------------------------------+--------------------------------------+-----------------------------+-----------------------------+----------------------------+----------------------------+-----------------------------+-----------------------------+--------------------+--------------------+-------------------------------------+-------------------------------------+----------------------------+----------------------------+---------------------------+---------------------------+


-------------------
; Clock Transfers ;
-------------------
Nothing to report.


---------------
; Report TCCS ;
---------------
No dedicated SERDES Transmitter circuitry present in device or used in design


---------------
; Report RSKM ;
---------------
No dedicated SERDES Receiver circuitry present in device or used in design


+------------------------------------------------+
; Unconstrained Paths                            ;
+---------------------------------+-------+------+
; Property                        ; Setup ; Hold ;
+---------------------------------+-------+------+
; Illegal Clocks                  ; 0     ; 0    ;
; Unconstrained Clocks            ; 0     ; 0    ;
; Unconstrained Input Ports       ; 16    ; 16   ;
; Unconstrained Input Port Paths  ; 79    ; 79   ;
; Unconstrained Output Ports      ; 9     ; 9    ;
; Unconstrained Output Port Paths ; 79    ; 79   ;
+---------------------------------+-------+------+


+------------------------------------+
; TimeQuest Timing Analyzer Messages ;
+------------------------------------+
Info: *******************************************************************
Info: Running Quartus II 64-Bit TimeQuest Timing Analyzer
    Info: Version 13.0.1 Build 232 06/12/2013 Service Pack 1 SJ Full Version
    Info: Processing started: Tue Oct 08 09:37:53 2024
Info: Command: quartus_sta experiment3-ex -c experiment3-ex
Info: qsta_default_script.tcl version: #1
Info (11104): Parallel Compilation has detected 8 hyper-threaded processors. However, the extra hyper-threaded processors will not be used by default. Parallel Compilation will use 4 of the 4 physical processors detected instead.
Info (21077): Low junction temperature is 0 degrees C
Info (21077): High junction temperature is 85 degrees C
Critical Warning (332012): Synopsys Design Constraints File file not found: 'experiment3-ex.sdc'. A Synopsys Design Constraints File is required by the TimeQuest Timing Analyzer to get proper timing constraints. Without it, the Compiler will not properly optimize the design.
Info (332142): No user constrained base clocks found in the design. Calling "derive_clocks -period 1.0"
Info (332096): The command derive_clocks did not find any clocks to derive.  No clocks were created or changed.
Warning (332068): No clocks defined in design.
Info (332143): No user constrained clock uncertainty found in the design. Calling "derive_clock_uncertainty"
Info (332154): The derive_clock_uncertainty command did not apply clock uncertainty to any clock-to-clock transfers.
Info: Found TIMEQUEST_REPORT_SCRIPT_INCLUDE_DEFAULT_ANALYSIS = ON
Info (332159): No clocks to report
Info: Analyzing Slow 1200mV 85C Model
Info (332140): No fmax paths to report
Info (332140): No Setup paths to report
Info (332140): No Hold paths to report
Info (332140): No Recovery paths to report
Info (332140): No Removal paths to report
Info (332140): No Minimum Pulse Width paths to report
Info: Analyzing Slow 1200mV 0C Model
Info (334003): Started post-fitting delay annotation
Info (334004): Delay annotation completed successfully
Info (332142): No user constrained base clocks found in the design. Calling "derive_clocks -period 1.0"
Info (332096): The command derive_clocks did not find any clocks to derive.  No clocks were created or changed.
Warning (332068): No clocks defined in design.
Info (332154): The derive_clock_uncertainty command did not apply clock uncertainty to any clock-to-clock transfers.
Info (332140): No fmax paths to report
Info (332140): No Setup paths to report
Info (332140): No Hold paths to report
Info (332140): No Recovery paths to report
Info (332140): No Removal paths to report
Info (332140): No Minimum Pulse Width paths to report
Info: Analyzing Fast 1200mV 0C Model
Info (332142): No user constrained base clocks found in the design. Calling "derive_clocks -period 1.0"
Info (332096): The command derive_clocks did not find any clocks to derive.  No clocks were created or changed.
Warning (332068): No clocks defined in design.
Info (332154): The derive_clock_uncertainty command did not apply clock uncertainty to any clock-to-clock transfers.
Info (332140): No Setup paths to report
Info (332140): No Hold paths to report
Info (332140): No Recovery paths to report
Info (332140): No Removal paths to report
Info (332140): No Minimum Pulse Width paths to report
Info (332102): Design is not fully constrained for setup requirements
Info (332102): Design is not fully constrained for hold requirements
Info: Quartus II 64-Bit TimeQuest Timing Analyzer was successful. 0 errors, 4 warnings
    Info: Peak virtual memory: 451 megabytes
    Info: Processing ended: Tue Oct 08 09:37:54 2024
    Info: Elapsed time: 00:00:01
    Info: Total CPU time (on all processors): 00:00:01


