Analysis & Synthesis report for experiment14
Tue Dec 10 09:16:01 2024
Quartus II 64-Bit Version 13.0.1 Build 232 06/12/2013 Service Pack 1 SJ Full Version


---------------------
; Table of Contents ;
---------------------
  1. Legal Notice
  2. Analysis & Synthesis Summary
  3. Analysis & Synthesis Settings
  4. Parallel Compilation
  5. Analysis & Synthesis Source Files Read
  6. Analysis & Synthesis Resource Usage Summary
  7. Analysis & Synthesis Resource Utilization by Entity
  8. Analysis & Synthesis RAM Summary
  9. Analysis & Synthesis IP Cores Summary
 10. General Register Statistics
 11. Source assignments for experiment13:ram|microcode_container:inst|altsyncram:altsyncram_component|altsyncram_43i1:auto_generated
 12. Parameter Settings for User Entity Instance: experiment13:ram|microcode_container:inst|altsyncram:altsyncram_component
 13. Parameter Settings for User Entity Instance: experiment13:ram|74161:counter2
 14. Parameter Settings for User Entity Instance: experiment13:ram|74161:counter1
 15. altsyncram Parameter Settings by Entity Instance
 16. Elapsed Time Per Partition
 17. Analysis & Synthesis Messages



----------------
; Legal Notice ;
----------------
Copyright (C) 1991-2013 Altera Corporation
Your use of Altera Corporation's design tools, logic functions 
and other software and tools, and its AMPP partner logic 
functions, and any output files from any of the foregoing 
(including device programming or simulation files), and any 
associated documentation or information are expressly subject 
to the terms and conditions of the Altera Program License 
Subscription Agreement, Altera MegaCore Function License 
Agreement, or other applicable license agreement, including, 
without limitation, that your use is for the sole purpose of 
programming logic devices manufactured by Altera and sold by 
Altera or its authorized distributors.  Please refer to the 
applicable agreement for further details.



+---------------------------------------------------------------------------------------+
; Analysis & Synthesis Summary                                                          ;
+------------------------------------+--------------------------------------------------+
; Analysis & Synthesis Status        ; Successful - Tue Dec 10 09:16:01 2024            ;
; Quartus II 64-Bit Version          ; 13.0.1 Build 232 06/12/2013 SP 1 SJ Full Version ;
; Revision Name                      ; experiment14                                     ;
; Top-level Entity Name              ; experiment14                                     ;
; Family                             ; Cyclone IV E                                     ;
; Total logic elements               ; 39                                               ;
;     Total combinational functions  ; 31                                               ;
;     Dedicated logic registers      ; 20                                               ;
; Total registers                    ; 20                                               ;
; Total pins                         ; 30                                               ;
; Total virtual pins                 ; 0                                                ;
; Total memory bits                  ; 6,144                                            ;
; Embedded Multiplier 9-bit elements ; 0                                                ;
; Total PLLs                         ; 0                                                ;
+------------------------------------+--------------------------------------------------+


+----------------------------------------------------------------------------------------------------------------------+
; Analysis & Synthesis Settings                                                                                        ;
+----------------------------------------------------------------------------+--------------------+--------------------+
; Option                                                                     ; Setting            ; Default Value      ;
+----------------------------------------------------------------------------+--------------------+--------------------+
; Device                                                                     ; EP4CE6E22C8        ;                    ;
; Top-level entity name                                                      ; experiment14       ; experiment14       ;
; Family name                                                                ; Cyclone IV E       ; Cyclone IV GX      ;
; Use smart compilation                                                      ; Off                ; Off                ;
; Enable parallel Assembler and TimeQuest Timing Analyzer during compilation ; On                 ; On                 ;
; Enable compact report table                                                ; Off                ; Off                ;
; Restructure Multiplexers                                                   ; Auto               ; Auto               ;
; Create Debugging Nodes for IP Cores                                        ; Off                ; Off                ;
; Preserve fewer node names                                                  ; On                 ; On                 ;
; Disable OpenCore Plus hardware evaluation                                  ; Off                ; Off                ;
; Verilog Version                                                            ; Verilog_2001       ; Verilog_2001       ;
; VHDL Version                                                               ; VHDL_1993          ; VHDL_1993          ;
; State Machine Processing                                                   ; Auto               ; Auto               ;
; Safe State Machine                                                         ; Off                ; Off                ;
; Extract Verilog State Machines                                             ; On                 ; On                 ;
; Extract VHDL State Machines                                                ; On                 ; On                 ;
; Ignore Verilog initial constructs                                          ; Off                ; Off                ;
; Iteration limit for constant Verilog loops                                 ; 5000               ; 5000               ;
; Iteration limit for non-constant Verilog loops                             ; 250                ; 250                ;
; Add Pass-Through Logic to Inferred RAMs                                    ; On                 ; On                 ;
; Infer RAMs from Raw Logic                                                  ; On                 ; On                 ;
; Parallel Synthesis                                                         ; On                 ; On                 ;
; DSP Block Balancing                                                        ; Auto               ; Auto               ;
; NOT Gate Push-Back                                                         ; On                 ; On                 ;
; Power-Up Don't Care                                                        ; On                 ; On                 ;
; Remove Redundant Logic Cells                                               ; Off                ; Off                ;
; Remove Duplicate Registers                                                 ; On                 ; On                 ;
; Ignore CARRY Buffers                                                       ; Off                ; Off                ;
; Ignore CASCADE Buffers                                                     ; Off                ; Off                ;
; Ignore GLOBAL Buffers                                                      ; Off                ; Off                ;
; Ignore ROW GLOBAL Buffers                                                  ; Off                ; Off                ;
; Ignore LCELL Buffers                                                       ; Off                ; Off                ;
; Ignore SOFT Buffers                                                        ; On                 ; On                 ;
; Limit AHDL Integers to 32 Bits                                             ; Off                ; Off                ;
; Optimization Technique                                                     ; Balanced           ; Balanced           ;
; Carry Chain Length                                                         ; 70                 ; 70                 ;
; Auto Carry Chains                                                          ; On                 ; On                 ;
; Auto Open-Drain Pins                                                       ; On                 ; On                 ;
; Perform WYSIWYG Primitive Resynthesis                                      ; Off                ; Off                ;
; Auto ROM Replacement                                                       ; On                 ; On                 ;
; Auto RAM Replacement                                                       ; On                 ; On                 ;
; Auto DSP Block Replacement                                                 ; On                 ; On                 ;
; Auto Shift Register Replacement                                            ; Auto               ; Auto               ;
; Allow Shift Register Merging across Hierarchies                            ; Auto               ; Auto               ;
; Auto Clock Enable Replacement                                              ; On                 ; On                 ;
; Strict RAM Replacement                                                     ; Off                ; Off                ;
; Allow Synchronous Control Signals                                          ; On                 ; On                 ;
; Force Use of Synchronous Clear Signals                                     ; Off                ; Off                ;
; Auto RAM Block Balancing                                                   ; On                 ; On                 ;
; Auto RAM to Logic Cell Conversion                                          ; Off                ; Off                ;
; Auto Resource Sharing                                                      ; Off                ; Off                ;
; Allow Any RAM Size For Recognition                                         ; Off                ; Off                ;
; Allow Any ROM Size For Recognition                                         ; Off                ; Off                ;
; Allow Any Shift Register Size For Recognition                              ; Off                ; Off                ;
; Use LogicLock Constraints during Resource Balancing                        ; On                 ; On                 ;
; Ignore translate_off and synthesis_off directives                          ; Off                ; Off                ;
; Timing-Driven Synthesis                                                    ; On                 ; On                 ;
; Report Parameter Settings                                                  ; On                 ; On                 ;
; Report Source Assignments                                                  ; On                 ; On                 ;
; Report Connectivity Checks                                                 ; On                 ; On                 ;
; Ignore Maximum Fan-Out Assignments                                         ; Off                ; Off                ;
; Synchronization Register Chain Length                                      ; 2                  ; 2                  ;
; PowerPlay Power Optimization                                               ; Normal compilation ; Normal compilation ;
; HDL message level                                                          ; Level2             ; Level2             ;
; Suppress Register Optimization Related Messages                            ; Off                ; Off                ;
; Number of Removed Registers Reported in Synthesis Report                   ; 5000               ; 5000               ;
; Number of Swept Nodes Reported in Synthesis Report                         ; 5000               ; 5000               ;
; Number of Inverted Registers Reported in Synthesis Report                  ; 100                ; 100                ;
; Clock MUX Protection                                                       ; On                 ; On                 ;
; Auto Gated Clock Conversion                                                ; Off                ; Off                ;
; Block Design Naming                                                        ; Auto               ; Auto               ;
; SDC constraint protection                                                  ; Off                ; Off                ;
; Synthesis Effort                                                           ; Auto               ; Auto               ;
; Shift Register Replacement - Allow Asynchronous Clear Signal               ; On                 ; On                 ;
; Pre-Mapping Resynthesis Optimization                                       ; Off                ; Off                ;
; Analysis & Synthesis Message Level                                         ; Medium             ; Medium             ;
; Disable Register Merging Across Hierarchies                                ; Auto               ; Auto               ;
; Resource Aware Inference For Block RAM                                     ; On                 ; On                 ;
; Synthesis Seed                                                             ; 1                  ; 1                  ;
+----------------------------------------------------------------------------+--------------------+--------------------+


+------------------------------------------+
; Parallel Compilation                     ;
+----------------------------+-------------+
; Processors                 ; Number      ;
+----------------------------+-------------+
; Number detected on machine ; 32          ;
; Maximum allowed            ; 16          ;
;                            ;             ;
; Average used               ; 1.00        ;
; Maximum used               ; 1           ;
;                            ;             ;
; Usage by Processor         ; % Time Used ;
;     Processor 1            ; 100.0%      ;
;     Processors 2-32        ;   0.0%      ;
+----------------------------+-------------+


+------------------------------------------------------------------------------------------------------------------------------------------------------------------------------------------+
; Analysis & Synthesis Source Files Read                                                                                                                                                   ;
+----------------------------------+-----------------+------------------------------------------+--------------------------------------------------------------------------------+---------+
; File Name with User-Entered Path ; Used in Netlist ; File Type                                ; File Name with Absolute Path                                                   ; Library ;
+----------------------------------+-----------------+------------------------------------------+--------------------------------------------------------------------------------+---------+
; experiment14.bdf                 ; yes             ; User Block Diagram/Schematic File        ; F:/FPGA Tools/experiment14/experiment14.bdf                                    ;         ;
; experiment14.mif                 ; yes             ; User Memory Initialization File          ; F:/FPGA Tools/experiment14/experiment14.mif                                    ;         ;
; microcode_container.vhd          ; yes             ; User Wizard-Generated File               ; F:/FPGA Tools/experiment14/microcode_container.vhd                             ;         ;
; experiment5.bdf                  ; yes             ; Auto-Found Block Diagram/Schematic File  ; F:/FPGA Tools/experiment14/experiment5.bdf                                     ;         ;
; 74173.bdf                        ; yes             ; Megafunction                             ; f:/fpga tools/quartus ii/quartus/libraries/others/maxplus2/74173.bdf           ;         ;
; experiment4.bdf                  ; yes             ; Auto-Found Block Diagram/Schematic File  ; F:/FPGA Tools/experiment14/experiment4.bdf                                     ;         ;
; expreriment3.bdf                 ; yes             ; Auto-Found Block Diagram/Schematic File  ; F:/FPGA Tools/experiment14/expreriment3.bdf                                    ;         ;
; 7482.bdf                         ; yes             ; Megafunction                             ; f:/fpga tools/quartus ii/quartus/libraries/others/maxplus2/7482.bdf            ;         ;
; 7486.bdf                         ; yes             ; Megafunction                             ; f:/fpga tools/quartus ii/quartus/libraries/others/maxplus2/7486.bdf            ;         ;
; experiment13.bdf                 ; yes             ; Auto-Found Block Diagram/Schematic File  ; F:/FPGA Tools/experiment14/experiment13.bdf                                    ;         ;
; altsyncram.tdf                   ; yes             ; Megafunction                             ; f:/fpga tools/quartus ii/quartus/libraries/megafunctions/altsyncram.tdf        ;         ;
; stratix_ram_block.inc            ; yes             ; Megafunction                             ; f:/fpga tools/quartus ii/quartus/libraries/megafunctions/stratix_ram_block.inc ;         ;
; lpm_mux.inc                      ; yes             ; Megafunction                             ; f:/fpga tools/quartus ii/quartus/libraries/megafunctions/lpm_mux.inc           ;         ;
; lpm_decode.inc                   ; yes             ; Megafunction                             ; f:/fpga tools/quartus ii/quartus/libraries/megafunctions/lpm_decode.inc        ;         ;
; aglobal130.inc                   ; yes             ; Megafunction                             ; f:/fpga tools/quartus ii/quartus/libraries/megafunctions/aglobal130.inc        ;         ;
; a_rdenreg.inc                    ; yes             ; Megafunction                             ; f:/fpga tools/quartus ii/quartus/libraries/megafunctions/a_rdenreg.inc         ;         ;
; altrom.inc                       ; yes             ; Megafunction                             ; f:/fpga tools/quartus ii/quartus/libraries/megafunctions/altrom.inc            ;         ;
; altram.inc                       ; yes             ; Megafunction                             ; f:/fpga tools/quartus ii/quartus/libraries/megafunctions/altram.inc            ;         ;
; altdpram.inc                     ; yes             ; Megafunction                             ; f:/fpga tools/quartus ii/quartus/libraries/megafunctions/altdpram.inc          ;         ;
; db/altsyncram_43i1.tdf           ; yes             ; Auto-Generated Megafunction              ; F:/FPGA Tools/experiment14/db/altsyncram_43i1.tdf                              ;         ;
; 74161.tdf                        ; yes             ; Megafunction                             ; f:/fpga tools/quartus ii/quartus/libraries/others/maxplus2/74161.tdf           ;         ;
; aglobal.inc                      ; yes             ; Megafunction                             ; f:/fpga tools/quartus ii/quartus/libraries/megafunctions/aglobal.inc           ;         ;
; f74161.bdf                       ; yes             ; Megafunction                             ; f:/fpga tools/quartus ii/quartus/libraries/others/maxplus2/f74161.bdf          ;         ;
+----------------------------------+-----------------+------------------------------------------+--------------------------------------------------------------------------------+---------+


+-----------------------------------------------------------+
; Analysis & Synthesis Resource Usage Summary               ;
+---------------------------------------------+-------------+
; Resource                                    ; Usage       ;
+---------------------------------------------+-------------+
; Estimated Total logic elements              ; 39          ;
;                                             ;             ;
; Total combinational functions               ; 31          ;
; Logic element usage by number of LUT inputs ;             ;
;     -- 4 input functions                    ; 12          ;
;     -- 3 input functions                    ; 8           ;
;     -- <=2 input functions                  ; 11          ;
;                                             ;             ;
; Logic elements by mode                      ;             ;
;     -- normal mode                          ; 31          ;
;     -- arithmetic mode                      ; 0           ;
;                                             ;             ;
; Total registers                             ; 20          ;
;     -- Dedicated logic registers            ; 20          ;
;     -- I/O registers                        ; 0           ;
;                                             ;             ;
; I/O pins                                    ; 30          ;
; Total memory bits                           ; 6144        ;
; Embedded Multiplier 9-bit elements          ; 0           ;
; Maximum fan-out node                        ; clock~input ;
; Maximum fan-out                             ; 35          ;
; Total fan-out                               ; 437         ;
; Average fan-out                             ; 3.24        ;
+---------------------------------------------+-------------+


+--------------------------------------------------------------------------------------------------------------------------------------------------------------------------------------------------------------------------------------------------------------------------------------------------+
; Analysis & Synthesis Resource Utilization by Entity                                                                                                                                                                                                                                              ;
+----------------------------------------------+-------------------+--------------+-------------+--------------+---------+-----------+------+--------------+------------------------------------------------------------------------------------------------------------------------+--------------+
; Compilation Hierarchy Node                   ; LC Combinationals ; LC Registers ; Memory Bits ; DSP Elements ; DSP 9x9 ; DSP 18x18 ; Pins ; Virtual Pins ; Full Hierarchy Name                                                                                                    ; Library Name ;
+----------------------------------------------+-------------------+--------------+-------------+--------------+---------+-----------+------+--------------+------------------------------------------------------------------------------------------------------------------------+--------------+
; |experiment14                                ; 31 (4)            ; 20 (0)       ; 6144        ; 0            ; 0       ; 0         ; 30   ; 0            ; |experiment14                                                                                                          ; work         ;
;    |experiment13:ram|                        ; 10 (0)            ; 8 (0)        ; 6144        ; 0            ; 0       ; 0         ; 0    ; 0            ; |experiment14|experiment13:ram                                                                                         ; work         ;
;       |74161:counter1|                       ; 6 (0)             ; 4 (0)        ; 0           ; 0            ; 0       ; 0         ; 0    ; 0            ; |experiment14|experiment13:ram|74161:counter1                                                                          ; work         ;
;          |f74161:sub|                        ; 6 (6)             ; 4 (4)        ; 0           ; 0            ; 0       ; 0         ; 0    ; 0            ; |experiment14|experiment13:ram|74161:counter1|f74161:sub                                                               ; work         ;
;       |74161:counter2|                       ; 4 (0)             ; 4 (0)        ; 0           ; 0            ; 0       ; 0         ; 0    ; 0            ; |experiment14|experiment13:ram|74161:counter2                                                                          ; work         ;
;          |f74161:sub|                        ; 4 (4)             ; 4 (4)        ; 0           ; 0            ; 0       ; 0         ; 0    ; 0            ; |experiment14|experiment13:ram|74161:counter2|f74161:sub                                                               ; work         ;
;       |microcode_container:inst|             ; 0 (0)             ; 0 (0)        ; 6144        ; 0            ; 0       ; 0         ; 0    ; 0            ; |experiment14|experiment13:ram|microcode_container:inst                                                                ; work         ;
;          |altsyncram:altsyncram_component|   ; 0 (0)             ; 0 (0)        ; 6144        ; 0            ; 0       ; 0         ; 0    ; 0            ; |experiment14|experiment13:ram|microcode_container:inst|altsyncram:altsyncram_component                                ; work         ;
;             |altsyncram_43i1:auto_generated| ; 0 (0)             ; 0 (0)        ; 6144        ; 0            ; 0       ; 0         ; 0    ; 0            ; |experiment14|experiment13:ram|microcode_container:inst|altsyncram:altsyncram_component|altsyncram_43i1:auto_generated ; work         ;
;    |experiment5:inst|                        ; 17 (0)            ; 12 (0)       ; 0           ; 0            ; 0       ; 0         ; 0    ; 0            ; |experiment14|experiment5:inst                                                                                         ; work         ;
;       |74173:A5|                             ; 0 (0)             ; 4 (4)        ; 0           ; 0            ; 0       ; 0         ; 0    ; 0            ; |experiment14|experiment5:inst|74173:A5                                                                                ; work         ;
;       |74173:A|                              ; 0 (0)             ; 4 (4)        ; 0           ; 0            ; 0       ; 0         ; 0    ; 0            ; |experiment14|experiment5:inst|74173:A                                                                                 ; work         ;
;       |74173:B|                              ; 0 (0)             ; 4 (4)        ; 0           ; 0            ; 0       ; 0         ; 0    ; 0            ; |experiment14|experiment5:inst|74173:B                                                                                 ; work         ;
;       |experiment4:move|                     ; 12 (12)           ; 0 (0)        ; 0           ; 0            ; 0       ; 0         ; 0    ; 0            ; |experiment14|experiment5:inst|experiment4:move                                                                        ; work         ;
;       |expreriment3:add|                     ; 5 (0)             ; 0 (0)        ; 0           ; 0            ; 0       ; 0         ; 0    ; 0            ; |experiment14|experiment5:inst|expreriment3:add                                                                        ; work         ;
;          |7482:inst4|                        ; 1 (1)             ; 0 (0)        ; 0           ; 0            ; 0       ; 0         ; 0    ; 0            ; |experiment14|experiment5:inst|expreriment3:add|7482:inst4                                                             ; work         ;
;          |7482:inst5|                        ; 3 (3)             ; 0 (0)        ; 0           ; 0            ; 0       ; 0         ; 0    ; 0            ; |experiment14|experiment5:inst|expreriment3:add|7482:inst5                                                             ; work         ;
;          |7486:inst1|                        ; 1 (1)             ; 0 (0)        ; 0           ; 0            ; 0       ; 0         ; 0    ; 0            ; |experiment14|experiment5:inst|expreriment3:add|7486:inst1                                                             ; work         ;
+----------------------------------------------+-------------------+--------------+-------------+--------------+---------+-----------+------+--------------+------------------------------------------------------------------------------------------------------------------------+--------------+
Note: For table entries with two numbers listed, the numbers in parentheses indicate the number of resources of the given type used by the specific entity alone. The numbers listed outside of parentheses indicate the total resources of the given type used by the specific entity and all of its sub-entities in the hierarchy.


+--------------------------------------------------------------------------------------------------------------------------------------------------------------------------------------------------------------------------------+
; Analysis & Synthesis RAM Summary                                                                                                                                                                                               ;
+---------------------------------------------------------------------------------------------------------------------+------+-------------+--------------+--------------+--------------+--------------+------+------------------+
; Name                                                                                                                ; Type ; Mode        ; Port A Depth ; Port A Width ; Port B Depth ; Port B Width ; Size ; MIF              ;
+---------------------------------------------------------------------------------------------------------------------+------+-------------+--------------+--------------+--------------+--------------+------+------------------+
; experiment13:ram|microcode_container:inst|altsyncram:altsyncram_component|altsyncram_43i1:auto_generated|ALTSYNCRAM ; AUTO ; Single Port ; 256          ; 24           ; --           ; --           ; 6144 ; experiment14.mif ;
+---------------------------------------------------------------------------------------------------------------------+------+-------------+--------------+--------------+--------------+--------------+------+------------------+


+------------------------------------------------------------------------------------------------------------------------------------------------------------------------------+
; Analysis & Synthesis IP Cores Summary                                                                                                                                        ;
+--------+--------------+---------+--------------+--------------+---------------------------------------------------------+----------------------------------------------------+
; Vendor ; IP Core Name ; Version ; Release Date ; License Type ; Entity Instance                                         ; IP Include File                                    ;
+--------+--------------+---------+--------------+--------------+---------------------------------------------------------+----------------------------------------------------+
; Altera ; RAM: 1-PORT  ; 13.0    ; N/A          ; N/A          ; |experiment14|experiment13:ram|microcode_container:inst ; F:/FPGA Tools/experiment14/microcode_container.vhd ;
+--------+--------------+---------+--------------+--------------+---------------------------------------------------------+----------------------------------------------------+


+------------------------------------------------------+
; General Register Statistics                          ;
+----------------------------------------------+-------+
; Statistic                                    ; Value ;
+----------------------------------------------+-------+
; Total registers                              ; 20    ;
; Number of registers using Synchronous Clear  ; 0     ;
; Number of registers using Synchronous Load   ; 0     ;
; Number of registers using Asynchronous Clear ; 8     ;
; Number of registers using Asynchronous Load  ; 0     ;
; Number of registers using Clock Enable       ; 0     ;
; Number of registers using Preset             ; 0     ;
+----------------------------------------------+-------+


+---------------------------------------------------------------------------------------------------------------------------------+
; Source assignments for experiment13:ram|microcode_container:inst|altsyncram:altsyncram_component|altsyncram_43i1:auto_generated ;
+---------------------------------+--------------------+------+-------------------------------------------------------------------+
; Assignment                      ; Value              ; From ; To                                                                ;
+---------------------------------+--------------------+------+-------------------------------------------------------------------+
; OPTIMIZE_POWER_DURING_SYNTHESIS ; NORMAL_COMPILATION ; -    ; -                                                                 ;
+---------------------------------+--------------------+------+-------------------------------------------------------------------+


+------------------------------------------------------------------------------------------------------------------------+
; Parameter Settings for User Entity Instance: experiment13:ram|microcode_container:inst|altsyncram:altsyncram_component ;
+------------------------------------+----------------------+------------------------------------------------------------+
; Parameter Name                     ; Value                ; Type                                                       ;
+------------------------------------+----------------------+------------------------------------------------------------+
; BYTE_SIZE_BLOCK                    ; 8                    ; Untyped                                                    ;
; AUTO_CARRY_CHAINS                  ; ON                   ; AUTO_CARRY                                                 ;
; IGNORE_CARRY_BUFFERS               ; OFF                  ; IGNORE_CARRY                                               ;
; AUTO_CASCADE_CHAINS                ; ON                   ; AUTO_CASCADE                                               ;
; IGNORE_CASCADE_BUFFERS             ; OFF                  ; IGNORE_CASCADE                                             ;
; WIDTH_BYTEENA                      ; 1                    ; Untyped                                                    ;
; OPERATION_MODE                     ; SINGLE_PORT          ; Untyped                                                    ;
; WIDTH_A                            ; 24                   ; Signed Integer                                             ;
; WIDTHAD_A                          ; 8                    ; Signed Integer                                             ;
; NUMWORDS_A                         ; 256                  ; Signed Integer                                             ;
; OUTDATA_REG_A                      ; CLOCK0               ; Untyped                                                    ;
; ADDRESS_ACLR_A                     ; NONE                 ; Untyped                                                    ;
; OUTDATA_ACLR_A                     ; NONE                 ; Untyped                                                    ;
; WRCONTROL_ACLR_A                   ; NONE                 ; Untyped                                                    ;
; INDATA_ACLR_A                      ; NONE                 ; Untyped                                                    ;
; BYTEENA_ACLR_A                     ; NONE                 ; Untyped                                                    ;
; WIDTH_B                            ; 1                    ; Untyped                                                    ;
; WIDTHAD_B                          ; 1                    ; Untyped                                                    ;
; NUMWORDS_B                         ; 1                    ; Untyped                                                    ;
; INDATA_REG_B                       ; CLOCK1               ; Untyped                                                    ;
; WRCONTROL_WRADDRESS_REG_B          ; CLOCK1               ; Untyped                                                    ;
; RDCONTROL_REG_B                    ; CLOCK1               ; Untyped                                                    ;
; ADDRESS_REG_B                      ; CLOCK1               ; Untyped                                                    ;
; OUTDATA_REG_B                      ; UNREGISTERED         ; Untyped                                                    ;
; BYTEENA_REG_B                      ; CLOCK1               ; Untyped                                                    ;
; INDATA_ACLR_B                      ; NONE                 ; Untyped                                                    ;
; WRCONTROL_ACLR_B                   ; NONE                 ; Untyped                                                    ;
; ADDRESS_ACLR_B                     ; NONE                 ; Untyped                                                    ;
; OUTDATA_ACLR_B                     ; NONE                 ; Untyped                                                    ;
; RDCONTROL_ACLR_B                   ; NONE                 ; Untyped                                                    ;
; BYTEENA_ACLR_B                     ; NONE                 ; Untyped                                                    ;
; WIDTH_BYTEENA_A                    ; 1                    ; Signed Integer                                             ;
; WIDTH_BYTEENA_B                    ; 1                    ; Untyped                                                    ;
; RAM_BLOCK_TYPE                     ; AUTO                 ; Untyped                                                    ;
; BYTE_SIZE                          ; 8                    ; Untyped                                                    ;
; READ_DURING_WRITE_MODE_MIXED_PORTS ; DONT_CARE            ; Untyped                                                    ;
; READ_DURING_WRITE_MODE_PORT_A      ; NEW_DATA_NO_NBE_READ ; Untyped                                                    ;
; READ_DURING_WRITE_MODE_PORT_B      ; NEW_DATA_NO_NBE_READ ; Untyped                                                    ;
; INIT_FILE                          ; experiment14.mif     ; Untyped                                                    ;
; INIT_FILE_LAYOUT                   ; PORT_A               ; Untyped                                                    ;
; MAXIMUM_DEPTH                      ; 0                    ; Untyped                                                    ;
; CLOCK_ENABLE_INPUT_A               ; BYPASS               ; Untyped                                                    ;
; CLOCK_ENABLE_INPUT_B               ; NORMAL               ; Untyped                                                    ;
; CLOCK_ENABLE_OUTPUT_A              ; BYPASS               ; Untyped                                                    ;
; CLOCK_ENABLE_OUTPUT_B              ; NORMAL               ; Untyped                                                    ;
; CLOCK_ENABLE_CORE_A                ; USE_INPUT_CLKEN      ; Untyped                                                    ;
; CLOCK_ENABLE_CORE_B                ; USE_INPUT_CLKEN      ; Untyped                                                    ;
; ENABLE_ECC                         ; FALSE                ; Untyped                                                    ;
; ECC_PIPELINE_STAGE_ENABLED         ; FALSE                ; Untyped                                                    ;
; WIDTH_ECCSTATUS                    ; 3                    ; Untyped                                                    ;
; DEVICE_FAMILY                      ; Cyclone IV E         ; Untyped                                                    ;
; CBXI_PARAMETER                     ; altsyncram_43i1      ; Untyped                                                    ;
+------------------------------------+----------------------+------------------------------------------------------------+
Note: In order to hide this table in the UI and the text report file, please set the "Show Parameter Settings in Synthesis Report" option in "Analysis and Synthesis Settings -> More Settings" to "Off".


+------------------------------------------------------------------------------+
; Parameter Settings for User Entity Instance: experiment13:ram|74161:counter2 ;
+------------------------+--------------+--------------------------------------+
; Parameter Name         ; Value        ; Type                                 ;
+------------------------+--------------+--------------------------------------+
; DEVICE_FAMILY          ; Cyclone IV E ; Untyped                              ;
; AUTO_CARRY_CHAINS      ; ON           ; AUTO_CARRY                           ;
; IGNORE_CARRY_BUFFERS   ; OFF          ; IGNORE_CARRY                         ;
; AUTO_CASCADE_CHAINS    ; ON           ; AUTO_CASCADE                         ;
; IGNORE_CASCADE_BUFFERS ; OFF          ; IGNORE_CASCADE                       ;
+------------------------+--------------+--------------------------------------+
Note: In order to hide this table in the UI and the text report file, please set the "Show Parameter Settings in Synthesis Report" option in "Analysis and Synthesis Settings -> More Settings" to "Off".


+------------------------------------------------------------------------------+
; Parameter Settings for User Entity Instance: experiment13:ram|74161:counter1 ;
+------------------------+--------------+--------------------------------------+
; Parameter Name         ; Value        ; Type                                 ;
+------------------------+--------------+--------------------------------------+
; DEVICE_FAMILY          ; Cyclone IV E ; Untyped                              ;
; AUTO_CARRY_CHAINS      ; ON           ; AUTO_CARRY                           ;
; IGNORE_CARRY_BUFFERS   ; OFF          ; IGNORE_CARRY                         ;
; AUTO_CASCADE_CHAINS    ; ON           ; AUTO_CASCADE                         ;
; IGNORE_CASCADE_BUFFERS ; OFF          ; IGNORE_CASCADE                       ;
+------------------------+--------------+--------------------------------------+
Note: In order to hide this table in the UI and the text report file, please set the "Show Parameter Settings in Synthesis Report" option in "Analysis and Synthesis Settings -> More Settings" to "Off".


+-----------------------------------------------------------------------------------------------------------------------+
; altsyncram Parameter Settings by Entity Instance                                                                      ;
+-------------------------------------------+---------------------------------------------------------------------------+
; Name                                      ; Value                                                                     ;
+-------------------------------------------+---------------------------------------------------------------------------+
; Number of entity instances                ; 1                                                                         ;
; Entity Instance                           ; experiment13:ram|microcode_container:inst|altsyncram:altsyncram_component ;
;     -- OPERATION_MODE                     ; SINGLE_PORT                                                               ;
;     -- WIDTH_A                            ; 24                                                                        ;
;     -- NUMWORDS_A                         ; 256                                                                       ;
;     -- OUTDATA_REG_A                      ; CLOCK0                                                                    ;
;     -- WIDTH_B                            ; 1                                                                         ;
;     -- NUMWORDS_B                         ; 1                                                                         ;
;     -- ADDRESS_REG_B                      ; CLOCK1                                                                    ;
;     -- OUTDATA_REG_B                      ; UNREGISTERED                                                              ;
;     -- RAM_BLOCK_TYPE                     ; AUTO                                                                      ;
;     -- READ_DURING_WRITE_MODE_MIXED_PORTS ; DONT_CARE                                                                 ;
+-------------------------------------------+---------------------------------------------------------------------------+


+-------------------------------+
; Elapsed Time Per Partition    ;
+----------------+--------------+
; Partition Name ; Elapsed Time ;
+----------------+--------------+
; Top            ; 00:00:00     ;
+----------------+--------------+


+-------------------------------+
; Analysis & Synthesis Messages ;
+-------------------------------+
Info: *******************************************************************
Info: Running Quartus II 64-Bit Analysis & Synthesis
    Info: Version 13.0.1 Build 232 06/12/2013 Service Pack 1 SJ Full Version
    Info: Processing started: Tue Dec 10 09:16:00 2024
Info: Command: quartus_map --read_settings_files=on --write_settings_files=off experiment14 -c experiment14
Info (11104): Parallel Compilation has detected 32 hyper-threaded processors. However, the extra hyper-threaded processors will not be used by default. Parallel Compilation will use 16 of the 24 physical processors detected instead.
Info (12021): Found 1 design units, including 1 entities, in source file experiment14.bdf
    Info (12023): Found entity 1: experiment14
Info (12021): Found 2 design units, including 1 entities, in source file microcode_container.vhd
    Info (12022): Found design unit 1: microcode_container-SYN
    Info (12023): Found entity 1: microcode_container
Info (12127): Elaborating entity "experiment14" for the top level hierarchy
Warning (12125): Using design file experiment5.bdf, which is not specified as a design file for the current project, but contains definitions for 1 design units and 1 entities in project
    Info (12023): Found entity 1: experiment5
Info (12128): Elaborating entity "experiment5" for hierarchy "experiment5:inst"
Warning (275011): Block or symbol "experiment4" of instance "move" overlaps another block or symbol
Info (12128): Elaborating entity "74173" for hierarchy "experiment5:inst|74173:A5"
Info (12130): Elaborated megafunction instantiation "experiment5:inst|74173:A5"
Warning (12125): Using design file experiment4.bdf, which is not specified as a design file for the current project, but contains definitions for 1 design units and 1 entities in project
    Info (12023): Found entity 1: experiment4
Info (12128): Elaborating entity "experiment4" for hierarchy "experiment5:inst|experiment4:move"
Warning (12125): Using design file expreriment3.bdf, which is not specified as a design file for the current project, but contains definitions for 1 design units and 1 entities in project
    Info (12023): Found entity 1: expreriment3
Info (12128): Elaborating entity "expreriment3" for hierarchy "experiment5:inst|expreriment3:add"
Info (12128): Elaborating entity "7482" for hierarchy "experiment5:inst|expreriment3:add|7482:inst4"
Info (12130): Elaborated megafunction instantiation "experiment5:inst|expreriment3:add|7482:inst4"
Info (12128): Elaborating entity "7486" for hierarchy "experiment5:inst|expreriment3:add|7486:inst"
Info (12130): Elaborated megafunction instantiation "experiment5:inst|expreriment3:add|7486:inst"
Warning (12125): Using design file experiment13.bdf, which is not specified as a design file for the current project, but contains definitions for 1 design units and 1 entities in project
    Info (12023): Found entity 1: experiment13
Info (12128): Elaborating entity "experiment13" for hierarchy "experiment13:ram"
Info (12128): Elaborating entity "microcode_container" for hierarchy "experiment13:ram|microcode_container:inst"
Info (12128): Elaborating entity "altsyncram" for hierarchy "experiment13:ram|microcode_container:inst|altsyncram:altsyncram_component"
Info (12130): Elaborated megafunction instantiation "experiment13:ram|microcode_container:inst|altsyncram:altsyncram_component"
Info (12133): Instantiated megafunction "experiment13:ram|microcode_container:inst|altsyncram:altsyncram_component" with the following parameter:
    Info (12134): Parameter "clock_enable_input_a" = "BYPASS"
    Info (12134): Parameter "clock_enable_output_a" = "BYPASS"
    Info (12134): Parameter "init_file" = "experiment14.mif"
    Info (12134): Parameter "intended_device_family" = "Cyclone IV E"
    Info (12134): Parameter "lpm_hint" = "ENABLE_RUNTIME_MOD=NO"
    Info (12134): Parameter "lpm_type" = "altsyncram"
    Info (12134): Parameter "numwords_a" = "256"
    Info (12134): Parameter "operation_mode" = "SINGLE_PORT"
    Info (12134): Parameter "outdata_aclr_a" = "NONE"
    Info (12134): Parameter "outdata_reg_a" = "CLOCK0"
    Info (12134): Parameter "power_up_uninitialized" = "FALSE"
    Info (12134): Parameter "read_during_write_mode_port_a" = "NEW_DATA_NO_NBE_READ"
    Info (12134): Parameter "widthad_a" = "8"
    Info (12134): Parameter "width_a" = "24"
    Info (12134): Parameter "width_byteena_a" = "1"
Info (12021): Found 1 design units, including 1 entities, in source file db/altsyncram_43i1.tdf
    Info (12023): Found entity 1: altsyncram_43i1
Info (12128): Elaborating entity "altsyncram_43i1" for hierarchy "experiment13:ram|microcode_container:inst|altsyncram:altsyncram_component|altsyncram_43i1:auto_generated"
Info (12128): Elaborating entity "74161" for hierarchy "experiment13:ram|74161:counter2"
Info (12130): Elaborated megafunction instantiation "experiment13:ram|74161:counter2"
Info (12128): Elaborating entity "f74161" for hierarchy "experiment13:ram|74161:counter2|f74161:sub"
Info (12131): Elaborated megafunction instantiation "experiment13:ram|74161:counter2|f74161:sub", which is child of megafunction instantiation "experiment13:ram|74161:counter2"
Info (12128): Elaborating entity "74161" for hierarchy "experiment13:ram|74161:counter1"
Info (12130): Elaborated megafunction instantiation "experiment13:ram|74161:counter1"
Info (13014): Ignored 8 buffer(s)
    Info (13015): Ignored 8 CARRY buffer(s)
Warning (13046): Tri-state node(s) do not directly drive top-level pin(s)
    Warning (13049): Converted tri-state buffer "experiment5:inst|74173:B|42" feeding internal logic into a wire
    Warning (13049): Converted tri-state buffer "experiment5:inst|74173:B|43" feeding internal logic into a wire
    Warning (13049): Converted tri-state buffer "experiment5:inst|74173:B|44" feeding internal logic into a wire
    Warning (13049): Converted tri-state buffer "experiment5:inst|74173:B|45" feeding internal logic into a wire
    Warning (13049): Converted tri-state buffer "experiment5:inst|74173:A|42" feeding internal logic into a wire
    Warning (13049): Converted tri-state buffer "experiment5:inst|74173:A|43" feeding internal logic into a wire
    Warning (13049): Converted tri-state buffer "experiment5:inst|74173:A|44" feeding internal logic into a wire
    Warning (13049): Converted tri-state buffer "experiment5:inst|74173:A|45" feeding internal logic into a wire
Warning (13044): Always-enabled tri-state buffer(s) removed
    Warning (13045): Converted the fanout from the always-enabled tri-state buffer "experiment5:inst|74173:A5|42" to the node "D1" into a wire
    Warning (13045): Converted the fanout from the always-enabled tri-state buffer "experiment5:inst|74173:A5|43" to the node "D2" into a wire
    Warning (13045): Converted the fanout from the always-enabled tri-state buffer "experiment5:inst|74173:A5|44" to the node "D3" into a wire
    Warning (13045): Converted the fanout from the always-enabled tri-state buffer "experiment5:inst|74173:A5|45" to the node "D4" into a wire
Info (286030): Timing-Driven Synthesis is running
Info (16010): Generating hard_block partition "hard_block:auto_generated_inst"
    Info (16011): Adding 0 node(s), including 0 DDIO, 0 PLL, 0 transceiver and 0 LCELL
Info (21057): Implemented 93 device resources after synthesis - the final resource count might be different
    Info (21058): Implemented 2 input pins
    Info (21059): Implemented 28 output pins
    Info (21061): Implemented 39 logic cells
    Info (21064): Implemented 24 RAM segments
Info: Quartus II 64-Bit Analysis & Synthesis was successful. 0 errors, 19 warnings
    Info: Peak virtual memory: 4654 megabytes
    Info: Processing ended: Tue Dec 10 09:16:01 2024
    Info: Elapsed time: 00:00:01
    Info: Total CPU time (on all processors): 00:00:00


